{"/Users/varunsah/Code/Recuring application/packages/web-app/app/api/mobile/auth/login/route.ts": {"path":"/Users/varunsah/Code/Recuring application/packages/web-app/app/api/mobile/auth/login/route.ts","statementMap":{"0":{"start":{"line":4,"column":23},"end":{"line":4,"column":null}},"1":{"start":{"line":6,"column":13},"end":{"line":6,"column":43}}},"fnMap":{},"branchMap":{},"s":{"0":0,"1":0},"f":{},"b":{},"meta":{"lastBranch":0,"lastFunction":0,"lastStatement":2,"seen":{"s:4:23:4:Infinity":0,"s:6:13:6:43":1}}}
,"/Users/varunsah/Code/Recuring application/packages/web-app/app/api/mobile/auth/logout/route.ts": {"path":"/Users/varunsah/Code/Recuring application/packages/web-app/app/api/mobile/auth/logout/route.ts","statementMap":{"0":{"start":{"line":4,"column":23},"end":{"line":4,"column":null}},"1":{"start":{"line":6,"column":13},"end":{"line":6,"column":43}}},"fnMap":{},"branchMap":{},"s":{"0":0,"1":0},"f":{},"b":{},"meta":{"lastBranch":0,"lastFunction":0,"lastStatement":2,"seen":{"s:4:23:4:Infinity":0,"s:6:13:6:43":1}}}
,"/Users/varunsah/Code/Recuring application/packages/web-app/app/api/mobile/auth/me/route.ts": {"path":"/Users/varunsah/Code/Recuring application/packages/web-app/app/api/mobile/auth/me/route.ts","statementMap":{"0":{"start":{"line":4,"column":23},"end":{"line":4,"column":null}},"1":{"start":{"line":6,"column":13},"end":{"line":6,"column":41}}},"fnMap":{},"branchMap":{},"s":{"0":0,"1":0},"f":{},"b":{},"meta":{"lastBranch":0,"lastFunction":0,"lastStatement":2,"seen":{"s:4:23:4:Infinity":0,"s:6:13:6:41":1}}}
,"/Users/varunsah/Code/Recuring application/packages/web-app/app/api/mobile/complaints/route.ts": {"path":"/Users/varunsah/Code/Recuring application/packages/web-app/app/api/mobile/complaints/route.ts","statementMap":{"0":{"start":{"line":4,"column":23},"end":{"line":4,"column":null}},"1":{"start":{"line":6,"column":13},"end":{"line":6,"column":41}}},"fnMap":{},"branchMap":{},"s":{"0":0,"1":0},"f":{},"b":{},"meta":{"lastBranch":0,"lastFunction":0,"lastStatement":2,"seen":{"s:4:23:4:Infinity":0,"s:6:13:6:41":1}}}
,"/Users/varunsah/Code/Recuring application/packages/web-app/app/api/mobile/complaints/[id]/route.ts": {"path":"/Users/varunsah/Code/Recuring application/packages/web-app/app/api/mobile/complaints/[id]/route.ts","statementMap":{"0":{"start":{"line":4,"column":23},"end":{"line":4,"column":null}},"1":{"start":{"line":6,"column":13},"end":{"line":6,"column":41}}},"fnMap":{},"branchMap":{},"s":{"0":0,"1":0},"f":{},"b":{},"meta":{"lastBranch":0,"lastFunction":0,"lastStatement":2,"seen":{"s:4:23:4:Infinity":0,"s:6:13:6:41":1}}}
,"/Users/varunsah/Code/Recuring application/packages/web-app/app/api/mobile/complaints/[id]/jobs/route.ts": {"path":"/Users/varunsah/Code/Recuring application/packages/web-app/app/api/mobile/complaints/[id]/jobs/route.ts","statementMap":{"0":{"start":{"line":4,"column":23},"end":{"line":4,"column":null}},"1":{"start":{"line":6,"column":13},"end":{"line":6,"column":43}}},"fnMap":{},"branchMap":{},"s":{"0":0,"1":0},"f":{},"b":{},"meta":{"lastBranch":0,"lastFunction":0,"lastStatement":2,"seen":{"s:4:23:4:Infinity":0,"s:6:13:6:43":1}}}
,"/Users/varunsah/Code/Recuring application/packages/web-app/app/api/mobile/complaints/[id]/status/route.ts": {"path":"/Users/varunsah/Code/Recuring application/packages/web-app/app/api/mobile/complaints/[id]/status/route.ts","statementMap":{"0":{"start":{"line":4,"column":23},"end":{"line":4,"column":null}},"1":{"start":{"line":6,"column":13},"end":{"line":6,"column":43}}},"fnMap":{},"branchMap":{},"s":{"0":0,"1":0},"f":{},"b":{},"meta":{"lastBranch":0,"lastFunction":0,"lastStatement":2,"seen":{"s:4:23:4:Infinity":0,"s:6:13:6:43":1}}}
,"/Users/varunsah/Code/Recuring application/packages/web-app/app/api/mobile/jobs/route.ts": {"path":"/Users/varunsah/Code/Recuring application/packages/web-app/app/api/mobile/jobs/route.ts","statementMap":{"0":{"start":{"line":4,"column":23},"end":{"line":4,"column":null}},"1":{"start":{"line":6,"column":13},"end":{"line":6,"column":41}}},"fnMap":{},"branchMap":{},"s":{"0":0,"1":0},"f":{},"b":{},"meta":{"lastBranch":0,"lastFunction":0,"lastStatement":2,"seen":{"s:4:23:4:Infinity":0,"s:6:13:6:41":1}}}
,"/Users/varunsah/Code/Recuring application/packages/web-app/app/api/mobile/jobs/[id]/route.ts": {"path":"/Users/varunsah/Code/Recuring application/packages/web-app/app/api/mobile/jobs/[id]/route.ts","statementMap":{"0":{"start":{"line":4,"column":23},"end":{"line":4,"column":null}},"1":{"start":{"line":6,"column":13},"end":{"line":6,"column":41}}},"fnMap":{},"branchMap":{},"s":{"0":0,"1":0},"f":{},"b":{},"meta":{"lastBranch":0,"lastFunction":0,"lastStatement":2,"seen":{"s:4:23:4:Infinity":0,"s:6:13:6:41":1}}}
,"/Users/varunsah/Code/Recuring application/packages/web-app/app/api/mobile/jobs/[id]/fail/route.ts": {"path":"/Users/varunsah/Code/Recuring application/packages/web-app/app/api/mobile/jobs/[id]/fail/route.ts","statementMap":{"0":{"start":{"line":4,"column":23},"end":{"line":4,"column":null}},"1":{"start":{"line":6,"column":13},"end":{"line":6,"column":43}}},"fnMap":{},"branchMap":{},"s":{"0":0,"1":0},"f":{},"b":{},"meta":{"lastBranch":0,"lastFunction":0,"lastStatement":2,"seen":{"s:4:23:4:Infinity":0,"s:6:13:6:43":1}}}
,"/Users/varunsah/Code/Recuring application/packages/web-app/app/api/mobile/jobs/[id]/notes/route.ts": {"path":"/Users/varunsah/Code/Recuring application/packages/web-app/app/api/mobile/jobs/[id]/notes/route.ts","statementMap":{"0":{"start":{"line":4,"column":23},"end":{"line":4,"column":null}},"1":{"start":{"line":6,"column":13},"end":{"line":6,"column":43}}},"fnMap":{},"branchMap":{},"s":{"0":0,"1":0},"f":{},"b":{},"meta":{"lastBranch":0,"lastFunction":0,"lastStatement":2,"seen":{"s:4:23:4:Infinity":0,"s:6:13:6:43":1}}}
,"/Users/varunsah/Code/Recuring application/packages/web-app/app/api/mobile/jobs/[id]/proofs/route.ts": {"path":"/Users/varunsah/Code/Recuring application/packages/web-app/app/api/mobile/jobs/[id]/proofs/route.ts","statementMap":{"0":{"start":{"line":7,"column":23},"end":{"line":7,"column":null}},"1":{"start":{"line":8,"column":23},"end":{"line":8,"column":null}},"2":{"start":{"line":10,"column":13},"end":{"line":10,"column":41}},"3":{"start":{"line":11,"column":13},"end":{"line":11,"column":43}}},"fnMap":{},"branchMap":{},"s":{"0":0,"1":0,"2":0,"3":0},"f":{},"b":{},"meta":{"lastBranch":0,"lastFunction":0,"lastStatement":4,"seen":{"s:7:23:7:Infinity":0,"s:8:23:8:Infinity":1,"s:10:13:10:41":2,"s:11:13:11:43":3}}}
,"/Users/varunsah/Code/Recuring application/packages/web-app/app/api/mobile/jobs/[id]/proofs/[proofId]/route.ts": {"path":"/Users/varunsah/Code/Recuring application/packages/web-app/app/api/mobile/jobs/[id]/proofs/[proofId]/route.ts","statementMap":{"0":{"start":{"line":4,"column":23},"end":{"line":4,"column":null}},"1":{"start":{"line":5,"column":23},"end":{"line":5,"column":null}},"2":{"start":{"line":7,"column":13},"end":{"line":7,"column":47}}},"fnMap":{},"branchMap":{},"s":{"0":0,"1":0,"2":0},"f":{},"b":{},"meta":{"lastBranch":0,"lastFunction":0,"lastStatement":3,"seen":{"s:4:23:4:Infinity":0,"s:5:23:5:Infinity":1,"s:7:13:7:47":2}}}
,"/Users/varunsah/Code/Recuring application/packages/web-app/app/api/mobile/jobs/[id]/reschedule/route.ts": {"path":"/Users/varunsah/Code/Recuring application/packages/web-app/app/api/mobile/jobs/[id]/reschedule/route.ts","statementMap":{"0":{"start":{"line":4,"column":23},"end":{"line":4,"column":null}},"1":{"start":{"line":6,"column":13},"end":{"line":6,"column":43}}},"fnMap":{},"branchMap":{},"s":{"0":0,"1":0},"f":{},"b":{},"meta":{"lastBranch":0,"lastFunction":0,"lastStatement":2,"seen":{"s:4:23:4:Infinity":0,"s:6:13:6:43":1}}}
,"/Users/varunsah/Code/Recuring application/packages/web-app/app/api/mobile/jobs/[id]/status/route.ts": {"path":"/Users/varunsah/Code/Recuring application/packages/web-app/app/api/mobile/jobs/[id]/status/route.ts","statementMap":{"0":{"start":{"line":4,"column":23},"end":{"line":4,"column":null}},"1":{"start":{"line":6,"column":13},"end":{"line":6,"column":43}}},"fnMap":{},"branchMap":{},"s":{"0":0,"1":0},"f":{},"b":{},"meta":{"lastBranch":0,"lastFunction":0,"lastStatement":2,"seen":{"s:4:23:4:Infinity":0,"s:6:13:6:43":1}}}
,"/Users/varunsah/Code/Recuring application/packages/web-app/app/api/mobile/v1/auth/login/route.ts": {"path":"/Users/varunsah/Code/Recuring application/packages/web-app/app/api/mobile/v1/auth/login/route.ts","statementMap":{"0":{"start":{"line":5,"column":23},"end":{"line":5,"column":null}},"1":{"start":{"line":7,"column":20},"end":{"line":12,"column":2}},"2":{"start":{"line":15,"column":2},"end":{"line":65,"column":null}},"3":{"start":{"line":16,"column":20},"end":{"line":16,"column":40}},"4":{"start":{"line":18,"column":4},"end":{"line":29,"column":null}},"5":{"start":{"line":24,"column":6},"end":{"line":29,"column":null}},"6":{"start":{"line":32,"column":17},"end":{"line":32,"column":43}},"7":{"start":{"line":33,"column":17},"end":{"line":37,"column":6}},"8":{"start":{"line":39,"column":4},"end":{"line":43,"column":null}},"9":{"start":{"line":40,"column":6},"end":{"line":43,"column":null}},"10":{"start":{"line":46,"column":40},"end":{"line":46,"column":74}},"11":{"start":{"line":48,"column":4},"end":{"line":52,"column":null}},"12":{"start":{"line":54,"column":4},"end":{"line":58,"column":null}},"13":{"start":{"line":55,"column":6},"end":{"line":58,"column":null}},"14":{"start":{"line":61,"column":4},"end":{"line":61,"column":null}},"15":{"start":{"line":62,"column":4},"end":{"line":65,"column":null}}},"fnMap":{"0":{"name":"POST","decl":{"start":{"line":14,"column":22},"end":{"line":14,"column":27}},"loc":{"start":{"line":14,"column":45},"end":{"line":65,"column":null}},"line":14}},"branchMap":{"0":{"loc":{"start":{"line":18,"column":4},"end":{"line":29,"column":null}},"type":"if","locations":[{"start":{"line":18,"column":4},"end":{"line":29,"column":null}},{"start":{},"end":{}}],"line":18},"1":{"loc":{"start":{"line":19,"column":6},"end":{"line":22,"column":null}},"type":"binary-expr","locations":[{"start":{"line":19,"column":6},"end":{"line":19,"column":null}},{"start":{"line":20,"column":6},"end":{"line":20,"column":null}},{"start":{"line":21,"column":6},"end":{"line":21,"column":null}},{"start":{"line":22,"column":6},"end":{"line":22,"column":null}}],"line":19},"2":{"loc":{"start":{"line":39,"column":4},"end":{"line":43,"column":null}},"type":"if","locations":[{"start":{"line":39,"column":4},"end":{"line":43,"column":null}},{"start":{},"end":{}}],"line":39},"3":{"loc":{"start":{"line":54,"column":4},"end":{"line":58,"column":null}},"type":"if","locations":[{"start":{"line":54,"column":4},"end":{"line":58,"column":null}},{"start":{},"end":{}}],"line":54},"4":{"loc":{"start":{"line":56,"column":17},"end":{"line":56,"column":71}},"type":"binary-expr","locations":[{"start":{"line":56,"column":17},"end":{"line":56,"column":45}},{"start":{"line":56,"column":45},"end":{"line":56,"column":71}}],"line":56}},"s":{"0":1,"1":1,"2":7,"3":7,"4":7,"5":1,"6":6,"7":6,"8":2,"9":1,"10":1,"11":1,"12":4,"13":3,"14":1,"15":1},"f":{"0":7},"b":{"0":[1,6],"1":[7,7,7,1],"2":[1,1],"3":[3,1],"4":[3,0]},"meta":{"lastBranch":5,"lastFunction":1,"lastStatement":16,"seen":{"s:5:23:5:Infinity":0,"s:7:20:12:2":1,"f:14:22:14:27":0,"s:15:2:65:Infinity":2,"s:16:20:16:40":3,"b:18:4:29:Infinity:undefined:undefined:undefined:undefined":0,"s:18:4:29:Infinity":4,"b:19:6:19:Infinity:20:6:20:Infinity:21:6:21:Infinity:22:6:22:Infinity":1,"s:24:6:29:Infinity":5,"s:32:17:32:43":6,"s:33:17:37:6":7,"b:39:4:43:Infinity:undefined:undefined:undefined:undefined":2,"s:39:4:43:Infinity":8,"s:40:6:43:Infinity":9,"s:46:40:46:74":10,"s:48:4:52:Infinity":11,"b:54:4:58:Infinity:undefined:undefined:undefined:undefined":3,"s:54:4:58:Infinity":12,"s:55:6:58:Infinity":13,"b:56:17:56:45:56:45:56:71":4,"s:61:4:61:Infinity":14,"s:62:4:65:Infinity":15}}}
,"/Users/varunsah/Code/Recuring application/packages/web-app/app/api/mobile/v1/auth/logout/route.ts": {"path":"/Users/varunsah/Code/Recuring application/packages/web-app/app/api/mobile/v1/auth/logout/route.ts","statementMap":{"0":{"start":{"line":4,"column":23},"end":{"line":4,"column":null}},"1":{"start":{"line":7,"column":2},"end":{"line":15,"column":null}},"2":{"start":{"line":8,"column":4},"end":{"line":8,"column":null}},"3":{"start":{"line":9,"column":4},"end":{"line":9,"column":null}},"4":{"start":{"line":11,"column":4},"end":{"line":11,"column":null}},"5":{"start":{"line":12,"column":4},"end":{"line":15,"column":null}}},"fnMap":{"0":{"name":"POST","decl":{"start":{"line":6,"column":22},"end":{"line":6,"column":27}},"loc":{"start":{"line":6,"column":45},"end":{"line":15,"column":null}},"line":6}},"branchMap":{},"s":{"0":1,"1":2,"2":2,"3":1,"4":1,"5":1},"f":{"0":2},"b":{},"meta":{"lastBranch":0,"lastFunction":1,"lastStatement":6,"seen":{"s:4:23:4:Infinity":0,"f:6:22:6:27":0,"s:7:2:15:Infinity":1,"s:8:4:8:Infinity":2,"s:9:4:9:Infinity":3,"s:11:4:11:Infinity":4,"s:12:4:15:Infinity":5}}}
,"/Users/varunsah/Code/Recuring application/packages/web-app/app/api/mobile/v1/auth/me/route.ts": {"path":"/Users/varunsah/Code/Recuring application/packages/web-app/app/api/mobile/v1/auth/me/route.ts","statementMap":{"0":{"start":{"line":4,"column":23},"end":{"line":4,"column":null}},"1":{"start":{"line":7,"column":2},"end":{"line":23,"column":null}},"2":{"start":{"line":8,"column":20},"end":{"line":8,"column":51}},"3":{"start":{"line":10,"column":4},"end":{"line":11,"column":null}},"4":{"start":{"line":11,"column":6},"end":{"line":11,"column":null}},"5":{"start":{"line":14,"column":4},"end":{"line":17,"column":null}},"6":{"start":{"line":19,"column":4},"end":{"line":19,"column":null}},"7":{"start":{"line":20,"column":4},"end":{"line":23,"column":null}}},"fnMap":{"0":{"name":"GET","decl":{"start":{"line":6,"column":22},"end":{"line":6,"column":26}},"loc":{"start":{"line":6,"column":44},"end":{"line":23,"column":null}},"line":6}},"branchMap":{"0":{"loc":{"start":{"line":10,"column":4},"end":{"line":11,"column":null}},"type":"if","locations":[{"start":{"line":10,"column":4},"end":{"line":11,"column":null}},{"start":{},"end":{}}],"line":10}},"s":{"0":1,"1":3,"2":3,"3":2,"4":1,"5":1,"6":1,"7":1},"f":{"0":3},"b":{"0":[1,1]},"meta":{"lastBranch":1,"lastFunction":1,"lastStatement":8,"seen":{"s:4:23:4:Infinity":0,"f:6:22:6:26":0,"s:7:2:23:Infinity":1,"s:8:20:8:51":2,"b:10:4:11:Infinity:undefined:undefined:undefined:undefined":0,"s:10:4:11:Infinity":3,"s:11:6:11:Infinity":4,"s:14:4:17:Infinity":5,"s:19:4:19:Infinity":6,"s:20:4:23:Infinity":7}}}
,"/Users/varunsah/Code/Recuring application/packages/web-app/app/api/mobile/v1/auth/otp/request/route.ts": {"path":"/Users/varunsah/Code/Recuring application/packages/web-app/app/api/mobile/v1/auth/otp/request/route.ts","statementMap":{"0":{"start":{"line":11,"column":23},"end":{"line":11,"column":null}},"1":{"start":{"line":12,"column":23},"end":{"line":12,"column":null}},"2":{"start":{"line":14,"column":25},"end":{"line":20,"column":2}},"3":{"start":{"line":23,"column":2},"end":{"line":56,"column":null}},"4":{"start":{"line":24,"column":17},"end":{"line":24,"column":63}},"5":{"start":{"line":25,"column":19},"end":{"line":25,"column":47}},"6":{"start":{"line":26,"column":4},"end":{"line":26,"column":null}},"7":{"start":{"line":28,"column":4},"end":{"line":32,"column":null}},"8":{"start":{"line":29,"column":6},"end":{"line":32,"column":null}},"9":{"start":{"line":35,"column":4},"end":{"line":41,"column":null}},"10":{"start":{"line":36,"column":23},"end":{"line":38,"column":null}},"11":{"start":{"line":40,"column":6},"end":{"line":40,"column":null}},"12":{"start":{"line":41,"column":6},"end":{"line":41,"column":null}},"13":{"start":{"line":44,"column":4},"end":{"line":49,"column":null}},"14":{"start":{"line":45,"column":6},"end":{"line":45,"column":null}},"15":{"start":{"line":46,"column":6},"end":{"line":49,"column":null}},"16":{"start":{"line":52,"column":4},"end":{"line":52,"column":null}},"17":{"start":{"line":53,"column":4},"end":{"line":56,"column":null}}},"fnMap":{"0":{"name":"POST","decl":{"start":{"line":22,"column":22},"end":{"line":22,"column":27}},"loc":{"start":{"line":22,"column":45},"end":{"line":56,"column":null}},"line":22}},"branchMap":{"0":{"loc":{"start":{"line":28,"column":4},"end":{"line":32,"column":null}},"type":"if","locations":[{"start":{"line":28,"column":4},"end":{"line":32,"column":null}},{"start":{},"end":{}}],"line":28},"1":{"loc":{"start":{"line":30,"column":17},"end":{"line":30,"column":69}},"type":"binary-expr","locations":[{"start":{"line":30,"column":17},"end":{"line":30,"column":45}},{"start":{"line":30,"column":45},"end":{"line":30,"column":69}}],"line":30},"2":{"loc":{"start":{"line":35,"column":4},"end":{"line":41,"column":null}},"type":"if","locations":[{"start":{"line":35,"column":4},"end":{"line":41,"column":null}},{"start":{},"end":{}}],"line":35},"3":{"loc":{"start":{"line":44,"column":4},"end":{"line":49,"column":null}},"type":"if","locations":[{"start":{"line":44,"column":4},"end":{"line":49,"column":null}},{"start":{},"end":{}}],"line":44}},"s":{"0":0,"1":0,"2":0,"3":0,"4":0,"5":0,"6":0,"7":0,"8":0,"9":0,"10":0,"11":0,"12":0,"13":0,"14":0,"15":0,"16":0,"17":0},"f":{"0":0},"b":{"0":[0,0],"1":[0,0],"2":[0,0],"3":[0,0]},"meta":{"lastBranch":4,"lastFunction":1,"lastStatement":18,"seen":{"s:11:23:11:Infinity":0,"s:12:23:12:Infinity":1,"s:14:25:20:2":2,"f:22:22:22:27":0,"s:23:2:56:Infinity":3,"s:24:17:24:63":4,"s:25:19:25:47":5,"s:26:4:26:Infinity":6,"b:28:4:32:Infinity:undefined:undefined:undefined:undefined":0,"s:28:4:32:Infinity":7,"s:29:6:32:Infinity":8,"b:30:17:30:45:30:45:30:69":1,"b:35:4:41:Infinity:undefined:undefined:undefined:undefined":2,"s:35:4:41:Infinity":9,"s:36:23:38:Infinity":10,"s:40:6:40:Infinity":11,"s:41:6:41:Infinity":12,"b:44:4:49:Infinity:undefined:undefined:undefined:undefined":3,"s:44:4:49:Infinity":13,"s:45:6:45:Infinity":14,"s:46:6:49:Infinity":15,"s:52:4:52:Infinity":16,"s:53:4:56:Infinity":17}}}
,"/Users/varunsah/Code/Recuring application/packages/web-app/app/api/mobile/v1/auth/otp/verify/route.ts": {"path":"/Users/varunsah/Code/Recuring application/packages/web-app/app/api/mobile/v1/auth/otp/verify/route.ts","statementMap":{"0":{"start":{"line":14,"column":23},"end":{"line":14,"column":null}},"1":{"start":{"line":15,"column":23},"end":{"line":15,"column":null}},"2":{"start":{"line":17,"column":24},"end":{"line":24,"column":2}},"3":{"start":{"line":27,"column":2},"end":{"line":61,"column":null}},"4":{"start":{"line":28,"column":17},"end":{"line":28,"column":62}},"5":{"start":{"line":30,"column":22},"end":{"line":30,"column":60}},"6":{"start":{"line":32,"column":17},"end":{"line":32,"column":57}},"7":{"start":{"line":34,"column":4},"end":{"line":38,"column":null}},"8":{"start":{"line":35,"column":6},"end":{"line":38,"column":null}},"9":{"start":{"line":41,"column":40},"end":{"line":41,"column":74}},"10":{"start":{"line":43,"column":4},"end":{"line":43,"column":null}},"11":{"start":{"line":45,"column":4},"end":{"line":49,"column":null}},"12":{"start":{"line":46,"column":6},"end":{"line":49,"column":null}},"13":{"start":{"line":52,"column":4},"end":{"line":54,"column":null}},"14":{"start":{"line":53,"column":21},"end":{"line":53,"column":null}},"15":{"start":{"line":54,"column":6},"end":{"line":54,"column":null}},"16":{"start":{"line":57,"column":4},"end":{"line":57,"column":null}},"17":{"start":{"line":58,"column":4},"end":{"line":61,"column":null}}},"fnMap":{"0":{"name":"POST","decl":{"start":{"line":26,"column":22},"end":{"line":26,"column":27}},"loc":{"start":{"line":26,"column":45},"end":{"line":61,"column":null}},"line":26}},"branchMap":{"0":{"loc":{"start":{"line":34,"column":4},"end":{"line":38,"column":null}},"type":"if","locations":[{"start":{"line":34,"column":4},"end":{"line":38,"column":null}},{"start":{},"end":{}}],"line":34},"1":{"loc":{"start":{"line":45,"column":4},"end":{"line":49,"column":null}},"type":"if","locations":[{"start":{"line":45,"column":4},"end":{"line":49,"column":null}},{"start":{},"end":{}}],"line":45},"2":{"loc":{"start":{"line":47,"column":17},"end":{"line":47,"column":74}},"type":"binary-expr","locations":[{"start":{"line":47,"column":17},"end":{"line":47,"column":45}},{"start":{"line":47,"column":45},"end":{"line":47,"column":74}}],"line":47},"3":{"loc":{"start":{"line":52,"column":4},"end":{"line":54,"column":null}},"type":"if","locations":[{"start":{"line":52,"column":4},"end":{"line":54,"column":null}},{"start":{},"end":{}}],"line":52},"4":{"loc":{"start":{"line":53,"column":21},"end":{"line":53,"column":null}},"type":"cond-expr","locations":[{"start":{"line":53,"column":49},"end":{"line":53,"column":55}},{"start":{"line":53,"column":55},"end":{"line":53,"column":null}}],"line":53}},"s":{"0":0,"1":0,"2":0,"3":0,"4":0,"5":0,"6":0,"7":0,"8":0,"9":0,"10":0,"11":0,"12":0,"13":0,"14":0,"15":0,"16":0,"17":0},"f":{"0":0},"b":{"0":[0,0],"1":[0,0],"2":[0,0],"3":[0,0],"4":[0,0]},"meta":{"lastBranch":5,"lastFunction":1,"lastStatement":18,"seen":{"s:14:23:14:Infinity":0,"s:15:23:15:Infinity":1,"s:17:24:24:2":2,"f:26:22:26:27":0,"s:27:2:61:Infinity":3,"s:28:17:28:62":4,"s:30:22:30:60":5,"s:32:17:32:57":6,"b:34:4:38:Infinity:undefined:undefined:undefined:undefined":0,"s:34:4:38:Infinity":7,"s:35:6:38:Infinity":8,"s:41:40:41:74":9,"s:43:4:43:Infinity":10,"b:45:4:49:Infinity:undefined:undefined:undefined:undefined":1,"s:45:4:49:Infinity":11,"s:46:6:49:Infinity":12,"b:47:17:47:45:47:45:47:74":2,"b:52:4:54:Infinity:undefined:undefined:undefined:undefined":3,"s:52:4:54:Infinity":13,"s:53:21:53:Infinity":14,"b:53:49:53:55:53:55:53:Infinity":4,"s:54:6:54:Infinity":15,"s:57:4:57:Infinity":16,"s:58:4:61:Infinity":17}}}
,"/Users/varunsah/Code/Recuring application/packages/web-app/app/api/mobile/v1/complaints/route.ts": {"path":"/Users/varunsah/Code/Recuring application/packages/web-app/app/api/mobile/v1/complaints/route.ts","statementMap":{"0":{"start":{"line":8,"column":23},"end":{"line":8,"column":null}},"1":{"start":{"line":11,"column":2},"end":{"line":41,"column":null}},"2":{"start":{"line":12,"column":20},"end":{"line":12,"column":51}},"3":{"start":{"line":14,"column":4},"end":{"line":15,"column":null}},"4":{"start":{"line":15,"column":6},"end":{"line":15,"column":null}},"5":{"start":{"line":18,"column":25},"end":{"line":18,"column":null}},"6":{"start":{"line":19,"column":10},"end":{"line":19,"column":85}},"7":{"start":{"line":20,"column":10},"end":{"line":20,"column":91}},"8":{"start":{"line":22,"column":23},"end":{"line":31,"column":6}},"9":{"start":{"line":33,"column":4},"end":{"line":35,"column":null}},"10":{"start":{"line":37,"column":4},"end":{"line":37,"column":null}},"11":{"start":{"line":38,"column":4},"end":{"line":41,"column":null}}},"fnMap":{"0":{"name":"GET","decl":{"start":{"line":10,"column":22},"end":{"line":10,"column":26}},"loc":{"start":{"line":10,"column":44},"end":{"line":41,"column":null}},"line":10}},"branchMap":{"0":{"loc":{"start":{"line":14,"column":4},"end":{"line":15,"column":null}},"type":"if","locations":[{"start":{"line":14,"column":4},"end":{"line":15,"column":null}},{"start":{},"end":{}}],"line":14},"1":{"loc":{"start":{"line":19,"column":45},"end":{"line":19,"column":85}},"type":"binary-expr","locations":[{"start":{"line":19,"column":45},"end":{"line":19,"column":71}},{"start":{"line":19,"column":75},"end":{"line":19,"column":85}}],"line":19},"2":{"loc":{"start":{"line":20,"column":49},"end":{"line":20,"column":91}},"type":"binary-expr","locations":[{"start":{"line":20,"column":49},"end":{"line":20,"column":77}},{"start":{"line":20,"column":81},"end":{"line":20,"column":91}}],"line":20},"3":{"loc":{"start":{"line":26,"column":12},"end":{"line":26,"column":36}},"type":"cond-expr","locations":[{"start":{"line":26,"column":21},"end":{"line":26,"column":31}},{"start":{"line":26,"column":34},"end":{"line":26,"column":36}}],"line":26},"4":{"loc":{"start":{"line":27,"column":12},"end":{"line":27,"column":null}},"type":"cond-expr","locations":[{"start":{"line":27,"column":23},"end":{"line":27,"column":35}},{"start":{"line":27,"column":38},"end":{"line":27,"column":null}}],"line":27}},"s":{"0":0,"1":0,"2":0,"3":0,"4":0,"5":0,"6":0,"7":0,"8":0,"9":0,"10":0,"11":0},"f":{"0":0},"b":{"0":[0,0],"1":[0,0],"2":[0,0],"3":[0,0],"4":[0,0]},"meta":{"lastBranch":5,"lastFunction":1,"lastStatement":12,"seen":{"s:8:23:8:Infinity":0,"f:10:22:10:26":0,"s:11:2:41:Infinity":1,"s:12:20:12:51":2,"b:14:4:15:Infinity:undefined:undefined:undefined:undefined":0,"s:14:4:15:Infinity":3,"s:15:6:15:Infinity":4,"s:18:25:18:Infinity":5,"s:19:10:19:85":6,"b:19:45:19:71:19:75:19:85":1,"s:20:10:20:91":7,"b:20:49:20:77:20:81:20:91":2,"s:22:23:31:6":8,"b:26:21:26:31:26:34:26:36":3,"b:27:23:27:35:27:38:27:Infinity":4,"s:33:4:35:Infinity":9,"s:37:4:37:Infinity":10,"s:38:4:41:Infinity":11}}}
,"/Users/varunsah/Code/Recuring application/packages/web-app/app/api/mobile/v1/complaints/[id]/route.ts": {"path":"/Users/varunsah/Code/Recuring application/packages/web-app/app/api/mobile/v1/complaints/[id]/route.ts","statementMap":{"0":{"start":{"line":6,"column":23},"end":{"line":6,"column":null}},"1":{"start":{"line":12,"column":2},"end":{"line":136,"column":null}},"2":{"start":{"line":13,"column":20},"end":{"line":13,"column":51}},"3":{"start":{"line":15,"column":4},"end":{"line":16,"column":null}},"4":{"start":{"line":16,"column":6},"end":{"line":16,"column":null}},"5":{"start":{"line":19,"column":19},"end":{"line":19,"column":null}},"6":{"start":{"line":21,"column":22},"end":{"line":77,"column":6}},"7":{"start":{"line":79,"column":4},"end":{"line":80,"column":null}},"8":{"start":{"line":80,"column":6},"end":{"line":80,"column":null}},"9":{"start":{"line":83,"column":4},"end":{"line":130,"column":null}},"10":{"start":{"line":116,"column":53},"end":{"line":122,"column":11}},"11":{"start":{"line":123,"column":49},"end":{"line":128,"column":null}},"12":{"start":{"line":132,"column":4},"end":{"line":132,"column":null}},"13":{"start":{"line":133,"column":4},"end":{"line":136,"column":null}}},"fnMap":{"0":{"name":"GET","decl":{"start":{"line":8,"column":22},"end":{"line":8,"column":null}},"loc":{"start":{"line":11,"column":2},"end":{"line":136,"column":null}},"line":11},"1":{"name":"(anonymous_1)","decl":{"start":{"line":116,"column":37},"end":{"line":116,"column":42}},"loc":{"start":{"line":116,"column":53},"end":{"line":122,"column":11}},"line":116},"2":{"name":"(anonymous_2)","decl":{"start":{"line":123,"column":35},"end":{"line":123,"column":40}},"loc":{"start":{"line":123,"column":49},"end":{"line":128,"column":null}},"line":123}},"branchMap":{"0":{"loc":{"start":{"line":15,"column":4},"end":{"line":16,"column":null}},"type":"if","locations":[{"start":{"line":15,"column":4},"end":{"line":16,"column":null}},{"start":{},"end":{}}],"line":15},"1":{"loc":{"start":{"line":79,"column":4},"end":{"line":80,"column":null}},"type":"if","locations":[{"start":{"line":79,"column":4},"end":{"line":80,"column":null}},{"start":{},"end":{}}],"line":79},"2":{"loc":{"start":{"line":94,"column":8},"end":{"line":94,"column":null}},"type":"binary-expr","locations":[{"start":{"line":94,"column":8},"end":{"line":94,"column":58}},{"start":{"line":94,"column":62},"end":{"line":94,"column":null}}],"line":94},"3":{"loc":{"start":{"line":104,"column":15},"end":{"line":115,"column":null}},"type":"cond-expr","locations":[{"start":{"line":105,"column":12},"end":{"line":114,"column":null}},{"start":{"line":115,"column":12},"end":{"line":115,"column":null}}],"line":104},"4":{"loc":{"start":{"line":112,"column":24},"end":{"line":112,"column":null}},"type":"binary-expr","locations":[{"start":{"line":112,"column":24},"end":{"line":112,"column":52}},{"start":{"line":112,"column":52},"end":{"line":112,"column":null}}],"line":112},"5":{"loc":{"start":{"line":113,"column":21},"end":{"line":113,"column":null}},"type":"binary-expr","locations":[{"start":{"line":113,"column":21},"end":{"line":113,"column":46}},{"start":{"line":113,"column":46},"end":{"line":113,"column":null}}],"line":113},"6":{"loc":{"start":{"line":121,"column":16},"end":{"line":121,"column":null}},"type":"binary-expr","locations":[{"start":{"line":121,"column":16},"end":{"line":121,"column":30}},{"start":{"line":121,"column":30},"end":{"line":121,"column":null}}],"line":121}},"s":{"0":0,"1":0,"2":0,"3":0,"4":0,"5":0,"6":0,"7":0,"8":0,"9":0,"10":0,"11":0,"12":0,"13":0},"f":{"0":0,"1":0,"2":0},"b":{"0":[0,0],"1":[0,0],"2":[0,0],"3":[0,0],"4":[0,0],"5":[0,0],"6":[0,0]},"meta":{"lastBranch":7,"lastFunction":3,"lastStatement":14,"seen":{"s:6:23:6:Infinity":0,"f:8:22:8:Infinity":0,"s:12:2:136:Infinity":1,"s:13:20:13:51":2,"b:15:4:16:Infinity:undefined:undefined:undefined:undefined":0,"s:15:4:16:Infinity":3,"s:16:6:16:Infinity":4,"s:19:19:19:Infinity":5,"s:21:22:77:6":6,"b:79:4:80:Infinity:undefined:undefined:undefined:undefined":1,"s:79:4:80:Infinity":7,"s:80:6:80:Infinity":8,"s:83:4:130:Infinity":9,"b:94:8:94:58:94:62:94:Infinity":2,"b:105:12:114:Infinity:115:12:115:Infinity":3,"b:112:24:112:52:112:52:112:Infinity":4,"b:113:21:113:46:113:46:113:Infinity":5,"f:116:37:116:42":1,"s:116:53:122:11":10,"b:121:16:121:30:121:30:121:Infinity":6,"f:123:35:123:40":2,"s:123:49:128:Infinity":11,"s:132:4:132:Infinity":12,"s:133:4:136:Infinity":13}}}
,"/Users/varunsah/Code/Recuring application/packages/web-app/app/api/mobile/v1/complaints/[id]/jobs/route.ts": {"path":"/Users/varunsah/Code/Recuring application/packages/web-app/app/api/mobile/v1/complaints/[id]/jobs/route.ts","statementMap":{"0":{"start":{"line":10,"column":23},"end":{"line":10,"column":null}},"1":{"start":{"line":16,"column":2},"end":{"line":105,"column":null}},"2":{"start":{"line":17,"column":20},"end":{"line":17,"column":51}},"3":{"start":{"line":19,"column":4},"end":{"line":20,"column":null}},"4":{"start":{"line":20,"column":6},"end":{"line":20,"column":null}},"5":{"start":{"line":23,"column":19},"end":{"line":23,"column":null}},"6":{"start":{"line":24,"column":17},"end":{"line":24,"column":75}},"7":{"start":{"line":26,"column":22},"end":{"line":32,"column":6}},"8":{"start":{"line":34,"column":4},"end":{"line":35,"column":null}},"9":{"start":{"line":35,"column":6},"end":{"line":35,"column":null}},"10":{"start":{"line":38,"column":4},"end":{"line":42,"column":null}},"11":{"start":{"line":39,"column":6},"end":{"line":42,"column":null}},"12":{"start":{"line":45,"column":26},"end":{"line":45,"column":54}},"13":{"start":{"line":47,"column":4},"end":{"line":48,"column":null}},"14":{"start":{"line":48,"column":6},"end":{"line":48,"column":null}},"15":{"start":{"line":51,"column":21},"end":{"line":53,"column":6}},"16":{"start":{"line":54,"column":22},"end":{"line":54,"column":null}},"17":{"start":{"line":56,"column":19},"end":{"line":83,"column":null}},"18":{"start":{"line":57,"column":18},"end":{"line":70,"column":8}},"19":{"start":{"line":72,"column":6},"end":{"line":80,"column":null}},"20":{"start":{"line":82,"column":6},"end":{"line":82,"column":null}},"21":{"start":{"line":85,"column":4},"end":{"line":92,"column":null}},"22":{"start":{"line":94,"column":4},"end":{"line":98,"column":null}},"23":{"start":{"line":95,"column":6},"end":{"line":98,"column":null}},"24":{"start":{"line":101,"column":4},"end":{"line":101,"column":null}},"25":{"start":{"line":102,"column":4},"end":{"line":105,"column":null}}},"fnMap":{"0":{"name":"POST","decl":{"start":{"line":12,"column":22},"end":{"line":12,"column":null}},"loc":{"start":{"line":15,"column":2},"end":{"line":105,"column":null}},"line":15},"1":{"name":"(anonymous_1)","decl":{"start":{"line":56,"column":41},"end":{"line":56,"column":48}},"loc":{"start":{"line":56,"column":55},"end":{"line":83,"column":null}},"line":56}},"branchMap":{"0":{"loc":{"start":{"line":19,"column":4},"end":{"line":20,"column":null}},"type":"if","locations":[{"start":{"line":19,"column":4},"end":{"line":20,"column":null}},{"start":{},"end":{}}],"line":19},"1":{"loc":{"start":{"line":34,"column":4},"end":{"line":35,"column":null}},"type":"if","locations":[{"start":{"line":34,"column":4},"end":{"line":35,"column":null}},{"start":{},"end":{}}],"line":34},"2":{"loc":{"start":{"line":38,"column":4},"end":{"line":42,"column":null}},"type":"if","locations":[{"start":{"line":38,"column":4},"end":{"line":42,"column":null}},{"start":{},"end":{}}],"line":38},"3":{"loc":{"start":{"line":38,"column":8},"end":{"line":38,"column":74}},"type":"binary-expr","locations":[{"start":{"line":38,"column":8},"end":{"line":38,"column":43}},{"start":{"line":38,"column":43},"end":{"line":38,"column":74}}],"line":38},"4":{"loc":{"start":{"line":47,"column":4},"end":{"line":48,"column":null}},"type":"if","locations":[{"start":{"line":47,"column":4},"end":{"line":48,"column":null}},{"start":{},"end":{}}],"line":47},"5":{"loc":{"start":{"line":64,"column":17},"end":{"line":64,"column":null}},"type":"binary-expr","locations":[{"start":{"line":64,"column":17},"end":{"line":64,"column":35}},{"start":{"line":64,"column":39},"end":{"line":64,"column":null}}],"line":64},"6":{"loc":{"start":{"line":66,"column":19},"end":{"line":66,"column":null}},"type":"binary-expr","locations":[{"start":{"line":66,"column":19},"end":{"line":66,"column":40}},{"start":{"line":66,"column":40},"end":{"line":66,"column":null}}],"line":66},"7":{"loc":{"start":{"line":94,"column":4},"end":{"line":98,"column":null}},"type":"if","locations":[{"start":{"line":94,"column":4},"end":{"line":98,"column":null}},{"start":{},"end":{}}],"line":94},"8":{"loc":{"start":{"line":96,"column":17},"end":{"line":96,"column":65}},"type":"binary-expr","locations":[{"start":{"line":96,"column":17},"end":{"line":96,"column":45}},{"start":{"line":96,"column":45},"end":{"line":96,"column":65}}],"line":96}},"s":{"0":0,"1":0,"2":0,"3":0,"4":0,"5":0,"6":0,"7":0,"8":0,"9":0,"10":0,"11":0,"12":0,"13":0,"14":0,"15":0,"16":0,"17":0,"18":0,"19":0,"20":0,"21":0,"22":0,"23":0,"24":0,"25":0},"f":{"0":0,"1":0},"b":{"0":[0,0],"1":[0,0],"2":[0,0],"3":[0,0],"4":[0,0],"5":[0,0],"6":[0,0],"7":[0,0],"8":[0,0]},"meta":{"lastBranch":9,"lastFunction":2,"lastStatement":26,"seen":{"s:10:23:10:Infinity":0,"f:12:22:12:Infinity":0,"s:16:2:105:Infinity":1,"s:17:20:17:51":2,"b:19:4:20:Infinity:undefined:undefined:undefined:undefined":0,"s:19:4:20:Infinity":3,"s:20:6:20:Infinity":4,"s:23:19:23:Infinity":5,"s:24:17:24:75":6,"s:26:22:32:6":7,"b:34:4:35:Infinity:undefined:undefined:undefined:undefined":1,"s:34:4:35:Infinity":8,"s:35:6:35:Infinity":9,"b:38:4:42:Infinity:undefined:undefined:undefined:undefined":2,"s:38:4:42:Infinity":10,"b:38:8:38:43:38:43:38:74":3,"s:39:6:42:Infinity":11,"s:45:26:45:54":12,"b:47:4:48:Infinity:undefined:undefined:undefined:undefined":4,"s:47:4:48:Infinity":13,"s:48:6:48:Infinity":14,"s:51:21:53:6":15,"s:54:22:54:Infinity":16,"s:56:19:83:Infinity":17,"f:56:41:56:48":1,"s:57:18:70:8":18,"b:64:17:64:35:64:39:64:Infinity":5,"b:66:19:66:40:66:40:66:Infinity":6,"s:72:6:80:Infinity":19,"s:82:6:82:Infinity":20,"s:85:4:92:Infinity":21,"b:94:4:98:Infinity:undefined:undefined:undefined:undefined":7,"s:94:4:98:Infinity":22,"s:95:6:98:Infinity":23,"b:96:17:96:45:96:45:96:65":8,"s:101:4:101:Infinity":24,"s:102:4:105:Infinity":25}}}
,"/Users/varunsah/Code/Recuring application/packages/web-app/app/api/mobile/v1/complaints/[id]/status/route.ts": {"path":"/Users/varunsah/Code/Recuring application/packages/web-app/app/api/mobile/v1/complaints/[id]/status/route.ts","statementMap":{"0":{"start":{"line":11,"column":23},"end":{"line":11,"column":null}},"1":{"start":{"line":13,"column":57},"end":{"line":17,"column":null}},"2":{"start":{"line":19,"column":74},"end":{"line":27,"column":null}},"3":{"start":{"line":30,"column":2},"end":{"line":30,"column":null}},"4":{"start":{"line":37,"column":2},"end":{"line":106,"column":null}},"5":{"start":{"line":38,"column":20},"end":{"line":38,"column":51}},"6":{"start":{"line":40,"column":4},"end":{"line":41,"column":null}},"7":{"start":{"line":41,"column":6},"end":{"line":41,"column":null}},"8":{"start":{"line":44,"column":4},"end":{"line":45,"column":null}},"9":{"start":{"line":45,"column":6},"end":{"line":45,"column":null}},"10":{"start":{"line":48,"column":19},"end":{"line":48,"column":null}},"11":{"start":{"line":49,"column":17},"end":{"line":49,"column":74}},"12":{"start":{"line":50,"column":23},"end":{"line":50,"column":48}},"13":{"start":{"line":52,"column":22},"end":{"line":58,"column":6}},"14":{"start":{"line":60,"column":4},"end":{"line":61,"column":null}},"15":{"start":{"line":61,"column":6},"end":{"line":61,"column":null}},"16":{"start":{"line":64,"column":4},"end":{"line":68,"column":null}},"17":{"start":{"line":65,"column":6},"end":{"line":68,"column":null}},"18":{"start":{"line":71,"column":4},"end":{"line":87,"column":null}},"19":{"start":{"line":89,"column":4},"end":{"line":90,"column":null}},"20":{"start":{"line":90,"column":6},"end":{"line":90,"column":null}},"21":{"start":{"line":93,"column":4},"end":{"line":93,"column":null}},"22":{"start":{"line":95,"column":4},"end":{"line":99,"column":null}},"23":{"start":{"line":96,"column":6},"end":{"line":99,"column":null}},"24":{"start":{"line":102,"column":4},"end":{"line":102,"column":null}},"25":{"start":{"line":103,"column":4},"end":{"line":106,"column":null}}},"fnMap":{"0":{"name":"canTransitionComplaintStatus","decl":{"start":{"line":29,"column":9},"end":{"line":29,"column":38}},"loc":{"start":{"line":29,"column":81},"end":{"line":30,"column":null}},"line":29},"1":{"name":"POST","decl":{"start":{"line":33,"column":22},"end":{"line":33,"column":null}},"loc":{"start":{"line":36,"column":2},"end":{"line":106,"column":null}},"line":36}},"branchMap":{"0":{"loc":{"start":{"line":30,"column":9},"end":{"line":30,"column":80}},"type":"binary-expr","locations":[{"start":{"line":30,"column":9},"end":{"line":30,"column":29}},{"start":{"line":30,"column":29},"end":{"line":30,"column":80}}],"line":30},"1":{"loc":{"start":{"line":40,"column":4},"end":{"line":41,"column":null}},"type":"if","locations":[{"start":{"line":40,"column":4},"end":{"line":41,"column":null}},{"start":{},"end":{}}],"line":40},"2":{"loc":{"start":{"line":44,"column":4},"end":{"line":45,"column":null}},"type":"if","locations":[{"start":{"line":44,"column":4},"end":{"line":45,"column":null}},{"start":{},"end":{}}],"line":44},"3":{"loc":{"start":{"line":60,"column":4},"end":{"line":61,"column":null}},"type":"if","locations":[{"start":{"line":60,"column":4},"end":{"line":61,"column":null}},{"start":{},"end":{}}],"line":60},"4":{"loc":{"start":{"line":64,"column":4},"end":{"line":68,"column":null}},"type":"if","locations":[{"start":{"line":64,"column":4},"end":{"line":68,"column":null}},{"start":{},"end":{}}],"line":64},"5":{"loc":{"start":{"line":75,"column":12},"end":{"line":77,"column":14}},"type":"cond-expr","locations":[{"start":{"line":76,"column":12},"end":{"line":76,"column":38}},{"start":{"line":77,"column":12},"end":{"line":77,"column":14}}],"line":75},"6":{"loc":{"start":{"line":89,"column":4},"end":{"line":90,"column":null}},"type":"if","locations":[{"start":{"line":89,"column":4},"end":{"line":90,"column":null}},{"start":{},"end":{}}],"line":89},"7":{"loc":{"start":{"line":95,"column":4},"end":{"line":99,"column":null}},"type":"if","locations":[{"start":{"line":95,"column":4},"end":{"line":99,"column":null}},{"start":{},"end":{}}],"line":95},"8":{"loc":{"start":{"line":97,"column":17},"end":{"line":97,"column":82}},"type":"binary-expr","locations":[{"start":{"line":97,"column":17},"end":{"line":97,"column":45}},{"start":{"line":97,"column":45},"end":{"line":97,"column":82}}],"line":97}},"s":{"0":0,"1":0,"2":0,"3":0,"4":0,"5":0,"6":0,"7":0,"8":0,"9":0,"10":0,"11":0,"12":0,"13":0,"14":0,"15":0,"16":0,"17":0,"18":0,"19":0,"20":0,"21":0,"22":0,"23":0,"24":0,"25":0},"f":{"0":0,"1":0},"b":{"0":[0,0],"1":[0,0],"2":[0,0],"3":[0,0],"4":[0,0],"5":[0,0],"6":[0,0],"7":[0,0],"8":[0,0]},"meta":{"lastBranch":9,"lastFunction":2,"lastStatement":26,"seen":{"s:11:23:11:Infinity":0,"s:13:57:17:Infinity":1,"s:19:74:27:Infinity":2,"f:29:9:29:38":0,"s:30:2:30:Infinity":3,"b:30:9:30:29:30:29:30:80":0,"f:33:22:33:Infinity":1,"s:37:2:106:Infinity":4,"s:38:20:38:51":5,"b:40:4:41:Infinity:undefined:undefined:undefined:undefined":1,"s:40:4:41:Infinity":6,"s:41:6:41:Infinity":7,"b:44:4:45:Infinity:undefined:undefined:undefined:undefined":2,"s:44:4:45:Infinity":8,"s:45:6:45:Infinity":9,"s:48:19:48:Infinity":10,"s:49:17:49:74":11,"s:50:23:50:48":12,"s:52:22:58:6":13,"b:60:4:61:Infinity:undefined:undefined:undefined:undefined":3,"s:60:4:61:Infinity":14,"s:61:6:61:Infinity":15,"b:64:4:68:Infinity:undefined:undefined:undefined:undefined":4,"s:64:4:68:Infinity":16,"s:65:6:68:Infinity":17,"s:71:4:87:Infinity":18,"b:76:12:76:38:77:12:77:14":5,"b:89:4:90:Infinity:undefined:undefined:undefined:undefined":6,"s:89:4:90:Infinity":19,"s:90:6:90:Infinity":20,"s:93:4:93:Infinity":21,"b:95:4:99:Infinity:undefined:undefined:undefined:undefined":7,"s:95:4:99:Infinity":22,"s:96:6:99:Infinity":23,"b:97:17:97:45:97:45:97:82":8,"s:102:4:102:Infinity":24,"s:103:4:106:Infinity":25}}}
,"/Users/varunsah/Code/Recuring application/packages/web-app/app/api/mobile/v1/jobs/route.ts": {"path":"/Users/varunsah/Code/Recuring application/packages/web-app/app/api/mobile/v1/jobs/route.ts","statementMap":{"0":{"start":{"line":8,"column":23},"end":{"line":8,"column":null}},"1":{"start":{"line":11,"column":2},"end":{"line":42,"column":null}},"2":{"start":{"line":12,"column":20},"end":{"line":12,"column":51}},"3":{"start":{"line":14,"column":4},"end":{"line":15,"column":null}},"4":{"start":{"line":15,"column":6},"end":{"line":15,"column":null}},"5":{"start":{"line":18,"column":25},"end":{"line":18,"column":null}},"6":{"start":{"line":19,"column":10},"end":{"line":19,"column":82}},"7":{"start":{"line":21,"column":17},"end":{"line":32,"column":6}},"8":{"start":{"line":34,"column":4},"end":{"line":36,"column":null}},"9":{"start":{"line":38,"column":4},"end":{"line":38,"column":null}},"10":{"start":{"line":39,"column":4},"end":{"line":42,"column":null}}},"fnMap":{"0":{"name":"GET","decl":{"start":{"line":10,"column":22},"end":{"line":10,"column":26}},"loc":{"start":{"line":10,"column":44},"end":{"line":42,"column":null}},"line":10}},"branchMap":{"0":{"loc":{"start":{"line":14,"column":4},"end":{"line":15,"column":null}},"type":"if","locations":[{"start":{"line":14,"column":4},"end":{"line":15,"column":null}},{"start":{},"end":{}}],"line":14},"1":{"loc":{"start":{"line":19,"column":42},"end":{"line":19,"column":82}},"type":"binary-expr","locations":[{"start":{"line":19,"column":42},"end":{"line":19,"column":68}},{"start":{"line":19,"column":72},"end":{"line":19,"column":82}}],"line":19},"2":{"loc":{"start":{"line":25,"column":12},"end":{"line":25,"column":null}},"type":"cond-expr","locations":[{"start":{"line":25,"column":21},"end":{"line":25,"column":31}},{"start":{"line":25,"column":34},"end":{"line":25,"column":null}}],"line":25}},"s":{"0":0,"1":0,"2":0,"3":0,"4":0,"5":0,"6":0,"7":0,"8":0,"9":0,"10":0},"f":{"0":0},"b":{"0":[0,0],"1":[0,0],"2":[0,0]},"meta":{"lastBranch":3,"lastFunction":1,"lastStatement":11,"seen":{"s:8:23:8:Infinity":0,"f:10:22:10:26":0,"s:11:2:42:Infinity":1,"s:12:20:12:51":2,"b:14:4:15:Infinity:undefined:undefined:undefined:undefined":0,"s:14:4:15:Infinity":3,"s:15:6:15:Infinity":4,"s:18:25:18:Infinity":5,"s:19:10:19:82":6,"b:19:42:19:68:19:72:19:82":1,"s:21:17:32:6":7,"b:25:21:25:31:25:34:25:Infinity":2,"s:34:4:36:Infinity":8,"s:38:4:38:Infinity":9,"s:39:4:42:Infinity":10}}}
,"/Users/varunsah/Code/Recuring application/packages/web-app/app/api/mobile/v1/jobs/[id]/route.ts": {"path":"/Users/varunsah/Code/Recuring application/packages/web-app/app/api/mobile/v1/jobs/[id]/route.ts","statementMap":{"0":{"start":{"line":7,"column":23},"end":{"line":7,"column":null}},"1":{"start":{"line":13,"column":2},"end":{"line":109,"column":null}},"2":{"start":{"line":14,"column":20},"end":{"line":14,"column":51}},"3":{"start":{"line":16,"column":4},"end":{"line":17,"column":null}},"4":{"start":{"line":17,"column":6},"end":{"line":17,"column":null}},"5":{"start":{"line":20,"column":19},"end":{"line":20,"column":null}},"6":{"start":{"line":22,"column":16},"end":{"line":55,"column":6}},"7":{"start":{"line":57,"column":4},"end":{"line":58,"column":null}},"8":{"start":{"line":58,"column":6},"end":{"line":58,"column":null}},"9":{"start":{"line":61,"column":4},"end":{"line":103,"column":null}},"10":{"start":{"line":105,"column":4},"end":{"line":105,"column":null}},"11":{"start":{"line":106,"column":4},"end":{"line":109,"column":null}}},"fnMap":{"0":{"name":"GET","decl":{"start":{"line":9,"column":22},"end":{"line":9,"column":null}},"loc":{"start":{"line":12,"column":2},"end":{"line":109,"column":null}},"line":12}},"branchMap":{"0":{"loc":{"start":{"line":16,"column":4},"end":{"line":17,"column":null}},"type":"if","locations":[{"start":{"line":16,"column":4},"end":{"line":17,"column":null}},{"start":{},"end":{}}],"line":16},"1":{"loc":{"start":{"line":57,"column":4},"end":{"line":58,"column":null}},"type":"if","locations":[{"start":{"line":57,"column":4},"end":{"line":58,"column":null}},{"start":{},"end":{}}],"line":57},"2":{"loc":{"start":{"line":68,"column":8},"end":{"line":68,"column":null}},"type":"binary-expr","locations":[{"start":{"line":68,"column":8},"end":{"line":68,"column":54}},{"start":{"line":68,"column":58},"end":{"line":68,"column":null}}],"line":68},"3":{"loc":{"start":{"line":69,"column":15},"end":{"line":69,"column":null}},"type":"binary-expr","locations":[{"start":{"line":69,"column":15},"end":{"line":69,"column":28}},{"start":{"line":69,"column":28},"end":{"line":69,"column":null}}],"line":69},"4":{"loc":{"start":{"line":70,"column":23},"end":{"line":70,"column":null}},"type":"binary-expr","locations":[{"start":{"line":70,"column":23},"end":{"line":70,"column":44}},{"start":{"line":70,"column":44},"end":{"line":70,"column":null}}],"line":70},"5":{"loc":{"start":{"line":79,"column":15},"end":{"line":90,"column":null}},"type":"cond-expr","locations":[{"start":{"line":80,"column":12},"end":{"line":89,"column":null}},{"start":{"line":90,"column":12},"end":{"line":90,"column":null}}],"line":79},"6":{"loc":{"start":{"line":87,"column":24},"end":{"line":87,"column":null}},"type":"binary-expr","locations":[{"start":{"line":87,"column":24},"end":{"line":87,"column":46}},{"start":{"line":87,"column":46},"end":{"line":87,"column":null}}],"line":87},"7":{"loc":{"start":{"line":88,"column":21},"end":{"line":88,"column":null}},"type":"binary-expr","locations":[{"start":{"line":88,"column":21},"end":{"line":88,"column":40}},{"start":{"line":88,"column":40},"end":{"line":88,"column":null}}],"line":88},"8":{"loc":{"start":{"line":91,"column":19},"end":{"line":101,"column":null}},"type":"cond-expr","locations":[{"start":{"line":92,"column":12},"end":{"line":100,"column":null}},{"start":{"line":101,"column":12},"end":{"line":101,"column":null}}],"line":91}},"s":{"0":0,"1":0,"2":0,"3":0,"4":0,"5":0,"6":0,"7":0,"8":0,"9":0,"10":0,"11":0},"f":{"0":0},"b":{"0":[0,0],"1":[0,0],"2":[0,0],"3":[0,0],"4":[0,0],"5":[0,0],"6":[0,0],"7":[0,0],"8":[0,0]},"meta":{"lastBranch":9,"lastFunction":1,"lastStatement":12,"seen":{"s:7:23:7:Infinity":0,"f:9:22:9:Infinity":0,"s:13:2:109:Infinity":1,"s:14:20:14:51":2,"b:16:4:17:Infinity:undefined:undefined:undefined:undefined":0,"s:16:4:17:Infinity":3,"s:17:6:17:Infinity":4,"s:20:19:20:Infinity":5,"s:22:16:55:6":6,"b:57:4:58:Infinity:undefined:undefined:undefined:undefined":1,"s:57:4:58:Infinity":7,"s:58:6:58:Infinity":8,"s:61:4:103:Infinity":9,"b:68:8:68:54:68:58:68:Infinity":2,"b:69:15:69:28:69:28:69:Infinity":3,"b:70:23:70:44:70:44:70:Infinity":4,"b:80:12:89:Infinity:90:12:90:Infinity":5,"b:87:24:87:46:87:46:87:Infinity":6,"b:88:21:88:40:88:40:88:Infinity":7,"b:92:12:100:Infinity:101:12:101:Infinity":8,"s:105:4:105:Infinity":10,"s:106:4:109:Infinity":11}}}
,"/Users/varunsah/Code/Recuring application/packages/web-app/app/api/mobile/v1/jobs/[id]/fail/route.ts": {"path":"/Users/varunsah/Code/Recuring application/packages/web-app/app/api/mobile/v1/jobs/[id]/fail/route.ts","statementMap":{"0":{"start":{"line":11,"column":23},"end":{"line":11,"column":null}},"1":{"start":{"line":17,"column":2},"end":{"line":103,"column":null}},"2":{"start":{"line":18,"column":20},"end":{"line":18,"column":51}},"3":{"start":{"line":20,"column":4},"end":{"line":21,"column":null}},"4":{"start":{"line":21,"column":6},"end":{"line":21,"column":null}},"5":{"start":{"line":24,"column":4},"end":{"line":25,"column":null}},"6":{"start":{"line":25,"column":6},"end":{"line":25,"column":null}},"7":{"start":{"line":28,"column":19},"end":{"line":28,"column":null}},"8":{"start":{"line":29,"column":17},"end":{"line":29,"column":60}},"9":{"start":{"line":31,"column":16},"end":{"line":37,"column":6}},"10":{"start":{"line":39,"column":4},"end":{"line":40,"column":null}},"11":{"start":{"line":40,"column":6},"end":{"line":40,"column":null}},"12":{"start":{"line":43,"column":10},"end":{"line":43,"column":52}},"13":{"start":{"line":45,"column":4},"end":{"line":60,"column":null}},"14":{"start":{"line":49,"column":27},"end":{"line":52,"column":8}},"15":{"start":{"line":54,"column":6},"end":{"line":55,"column":null}},"16":{"start":{"line":55,"column":8},"end":{"line":55,"column":null}},"17":{"start":{"line":58,"column":6},"end":{"line":60,"column":null}},"18":{"start":{"line":63,"column":4},"end":{"line":67,"column":null}},"19":{"start":{"line":64,"column":6},"end":{"line":67,"column":null}},"20":{"start":{"line":70,"column":4},"end":{"line":77,"column":null}},"21":{"start":{"line":79,"column":23},"end":{"line":82,"column":6}},"22":{"start":{"line":84,"column":4},"end":{"line":85,"column":null}},"23":{"start":{"line":85,"column":6},"end":{"line":85,"column":null}},"24":{"start":{"line":88,"column":4},"end":{"line":90,"column":null}},"25":{"start":{"line":92,"column":4},"end":{"line":96,"column":null}},"26":{"start":{"line":93,"column":6},"end":{"line":96,"column":null}},"27":{"start":{"line":99,"column":4},"end":{"line":99,"column":null}},"28":{"start":{"line":100,"column":4},"end":{"line":103,"column":null}}},"fnMap":{"0":{"name":"POST","decl":{"start":{"line":13,"column":22},"end":{"line":13,"column":null}},"loc":{"start":{"line":16,"column":2},"end":{"line":103,"column":null}},"line":16}},"branchMap":{"0":{"loc":{"start":{"line":20,"column":4},"end":{"line":21,"column":null}},"type":"if","locations":[{"start":{"line":20,"column":4},"end":{"line":21,"column":null}},{"start":{},"end":{}}],"line":20},"1":{"loc":{"start":{"line":24,"column":4},"end":{"line":25,"column":null}},"type":"if","locations":[{"start":{"line":24,"column":4},"end":{"line":25,"column":null}},{"start":{},"end":{}}],"line":24},"2":{"loc":{"start":{"line":39,"column":4},"end":{"line":40,"column":null}},"type":"if","locations":[{"start":{"line":39,"column":4},"end":{"line":40,"column":null}},{"start":{},"end":{}}],"line":39},"3":{"loc":{"start":{"line":45,"column":4},"end":{"line":60,"column":null}},"type":"if","locations":[{"start":{"line":45,"column":4},"end":{"line":60,"column":null}},{"start":{},"end":{}}],"line":45},"4":{"loc":{"start":{"line":46,"column":6},"end":{"line":47,"column":null}},"type":"binary-expr","locations":[{"start":{"line":46,"column":6},"end":{"line":46,"column":null}},{"start":{"line":46,"column":31},"end":{"line":47,"column":null}}],"line":46},"5":{"loc":{"start":{"line":54,"column":6},"end":{"line":55,"column":null}},"type":"if","locations":[{"start":{"line":54,"column":6},"end":{"line":55,"column":null}},{"start":{},"end":{}}],"line":54},"6":{"loc":{"start":{"line":63,"column":4},"end":{"line":67,"column":null}},"type":"if","locations":[{"start":{"line":63,"column":4},"end":{"line":67,"column":null}},{"start":{},"end":{}}],"line":63},"7":{"loc":{"start":{"line":63,"column":8},"end":{"line":63,"column":82}},"type":"binary-expr","locations":[{"start":{"line":63,"column":8},"end":{"line":63,"column":46}},{"start":{"line":63,"column":46},"end":{"line":63,"column":82}}],"line":63},"8":{"loc":{"start":{"line":84,"column":4},"end":{"line":85,"column":null}},"type":"if","locations":[{"start":{"line":84,"column":4},"end":{"line":85,"column":null}},{"start":{},"end":{}}],"line":84},"9":{"loc":{"start":{"line":92,"column":4},"end":{"line":96,"column":null}},"type":"if","locations":[{"start":{"line":92,"column":4},"end":{"line":96,"column":null}},{"start":{},"end":{}}],"line":92},"10":{"loc":{"start":{"line":94,"column":17},"end":{"line":94,"column":74}},"type":"binary-expr","locations":[{"start":{"line":94,"column":17},"end":{"line":94,"column":45}},{"start":{"line":94,"column":45},"end":{"line":94,"column":74}}],"line":94}},"s":{"0":0,"1":0,"2":0,"3":0,"4":0,"5":0,"6":0,"7":0,"8":0,"9":0,"10":0,"11":0,"12":0,"13":0,"14":0,"15":0,"16":0,"17":0,"18":0,"19":0,"20":0,"21":0,"22":0,"23":0,"24":0,"25":0,"26":0,"27":0,"28":0},"f":{"0":0},"b":{"0":[0,0],"1":[0,0],"2":[0,0],"3":[0,0],"4":[0,0],"5":[0,0],"6":[0,0],"7":[0,0],"8":[0,0],"9":[0,0],"10":[0,0]},"meta":{"lastBranch":11,"lastFunction":1,"lastStatement":29,"seen":{"s:11:23:11:Infinity":0,"f:13:22:13:Infinity":0,"s:17:2:103:Infinity":1,"s:18:20:18:51":2,"b:20:4:21:Infinity:undefined:undefined:undefined:undefined":0,"s:20:4:21:Infinity":3,"s:21:6:21:Infinity":4,"b:24:4:25:Infinity:undefined:undefined:undefined:undefined":1,"s:24:4:25:Infinity":5,"s:25:6:25:Infinity":6,"s:28:19:28:Infinity":7,"s:29:17:29:60":8,"s:31:16:37:6":9,"b:39:4:40:Infinity:undefined:undefined:undefined:undefined":2,"s:39:4:40:Infinity":10,"s:40:6:40:Infinity":11,"s:43:10:43:52":12,"b:45:4:60:Infinity:undefined:undefined:undefined:undefined":3,"s:45:4:60:Infinity":13,"b:46:6:46:Infinity:46:31:47:Infinity":4,"s:49:27:52:8":14,"b:54:6:55:Infinity:undefined:undefined:undefined:undefined":5,"s:54:6:55:Infinity":15,"s:55:8:55:Infinity":16,"s:58:6:60:Infinity":17,"b:63:4:67:Infinity:undefined:undefined:undefined:undefined":6,"s:63:4:67:Infinity":18,"b:63:8:63:46:63:46:63:82":7,"s:64:6:67:Infinity":19,"s:70:4:77:Infinity":20,"s:79:23:82:6":21,"b:84:4:85:Infinity:undefined:undefined:undefined:undefined":8,"s:84:4:85:Infinity":22,"s:85:6:85:Infinity":23,"s:88:4:90:Infinity":24,"b:92:4:96:Infinity:undefined:undefined:undefined:undefined":9,"s:92:4:96:Infinity":25,"s:93:6:96:Infinity":26,"b:94:17:94:45:94:45:94:74":10,"s:99:4:99:Infinity":27,"s:100:4:103:Infinity":28}}}
,"/Users/varunsah/Code/Recuring application/packages/web-app/app/api/mobile/v1/jobs/[id]/notes/route.ts": {"path":"/Users/varunsah/Code/Recuring application/packages/web-app/app/api/mobile/v1/jobs/[id]/notes/route.ts","statementMap":{"0":{"start":{"line":11,"column":23},"end":{"line":11,"column":null}},"1":{"start":{"line":17,"column":2},"end":{"line":132,"column":null}},"2":{"start":{"line":18,"column":20},"end":{"line":18,"column":51}},"3":{"start":{"line":20,"column":4},"end":{"line":21,"column":null}},"4":{"start":{"line":21,"column":6},"end":{"line":21,"column":null}},"5":{"start":{"line":24,"column":4},"end":{"line":25,"column":null}},"6":{"start":{"line":25,"column":6},"end":{"line":25,"column":null}},"7":{"start":{"line":28,"column":19},"end":{"line":28,"column":null}},"8":{"start":{"line":29,"column":17},"end":{"line":29,"column":67}},"9":{"start":{"line":31,"column":16},"end":{"line":37,"column":6}},"10":{"start":{"line":39,"column":4},"end":{"line":40,"column":null}},"11":{"start":{"line":40,"column":6},"end":{"line":40,"column":null}},"12":{"start":{"line":43,"column":23},"end":{"line":75,"column":6}},"13":{"start":{"line":77,"column":4},"end":{"line":119,"column":null}},"14":{"start":{"line":121,"column":4},"end":{"line":125,"column":null}},"15":{"start":{"line":122,"column":6},"end":{"line":125,"column":null}},"16":{"start":{"line":128,"column":4},"end":{"line":128,"column":null}},"17":{"start":{"line":129,"column":4},"end":{"line":132,"column":null}}},"fnMap":{"0":{"name":"POST","decl":{"start":{"line":13,"column":22},"end":{"line":13,"column":null}},"loc":{"start":{"line":16,"column":2},"end":{"line":132,"column":null}},"line":16}},"branchMap":{"0":{"loc":{"start":{"line":20,"column":4},"end":{"line":21,"column":null}},"type":"if","locations":[{"start":{"line":20,"column":4},"end":{"line":21,"column":null}},{"start":{},"end":{}}],"line":20},"1":{"loc":{"start":{"line":24,"column":4},"end":{"line":25,"column":null}},"type":"if","locations":[{"start":{"line":24,"column":4},"end":{"line":25,"column":null}},{"start":{},"end":{}}],"line":24},"2":{"loc":{"start":{"line":39,"column":4},"end":{"line":40,"column":null}},"type":"if","locations":[{"start":{"line":39,"column":4},"end":{"line":40,"column":null}},{"start":{},"end":{}}],"line":39},"3":{"loc":{"start":{"line":84,"column":8},"end":{"line":84,"column":null}},"type":"binary-expr","locations":[{"start":{"line":84,"column":8},"end":{"line":84,"column":61}},{"start":{"line":84,"column":65},"end":{"line":84,"column":null}}],"line":84},"4":{"loc":{"start":{"line":85,"column":15},"end":{"line":85,"column":null}},"type":"binary-expr","locations":[{"start":{"line":85,"column":15},"end":{"line":85,"column":35}},{"start":{"line":85,"column":35},"end":{"line":85,"column":null}}],"line":85},"5":{"loc":{"start":{"line":86,"column":23},"end":{"line":86,"column":null}},"type":"binary-expr","locations":[{"start":{"line":86,"column":23},"end":{"line":86,"column":51}},{"start":{"line":86,"column":51},"end":{"line":86,"column":null}}],"line":86},"6":{"loc":{"start":{"line":95,"column":15},"end":{"line":106,"column":null}},"type":"cond-expr","locations":[{"start":{"line":96,"column":12},"end":{"line":105,"column":null}},{"start":{"line":106,"column":12},"end":{"line":106,"column":null}}],"line":95},"7":{"loc":{"start":{"line":103,"column":24},"end":{"line":103,"column":null}},"type":"binary-expr","locations":[{"start":{"line":103,"column":24},"end":{"line":103,"column":53}},{"start":{"line":103,"column":53},"end":{"line":103,"column":null}}],"line":103},"8":{"loc":{"start":{"line":104,"column":21},"end":{"line":104,"column":null}},"type":"binary-expr","locations":[{"start":{"line":104,"column":21},"end":{"line":104,"column":47}},{"start":{"line":104,"column":47},"end":{"line":104,"column":null}}],"line":104},"9":{"loc":{"start":{"line":107,"column":19},"end":{"line":117,"column":null}},"type":"cond-expr","locations":[{"start":{"line":108,"column":12},"end":{"line":116,"column":null}},{"start":{"line":117,"column":12},"end":{"line":117,"column":null}}],"line":107},"10":{"loc":{"start":{"line":121,"column":4},"end":{"line":125,"column":null}},"type":"if","locations":[{"start":{"line":121,"column":4},"end":{"line":125,"column":null}},{"start":{},"end":{}}],"line":121},"11":{"loc":{"start":{"line":123,"column":17},"end":{"line":123,"column":78}},"type":"binary-expr","locations":[{"start":{"line":123,"column":17},"end":{"line":123,"column":45}},{"start":{"line":123,"column":45},"end":{"line":123,"column":78}}],"line":123}},"s":{"0":0,"1":0,"2":0,"3":0,"4":0,"5":0,"6":0,"7":0,"8":0,"9":0,"10":0,"11":0,"12":0,"13":0,"14":0,"15":0,"16":0,"17":0},"f":{"0":0},"b":{"0":[0,0],"1":[0,0],"2":[0,0],"3":[0,0],"4":[0,0],"5":[0,0],"6":[0,0],"7":[0,0],"8":[0,0],"9":[0,0],"10":[0,0],"11":[0,0]},"meta":{"lastBranch":12,"lastFunction":1,"lastStatement":18,"seen":{"s:11:23:11:Infinity":0,"f:13:22:13:Infinity":0,"s:17:2:132:Infinity":1,"s:18:20:18:51":2,"b:20:4:21:Infinity:undefined:undefined:undefined:undefined":0,"s:20:4:21:Infinity":3,"s:21:6:21:Infinity":4,"b:24:4:25:Infinity:undefined:undefined:undefined:undefined":1,"s:24:4:25:Infinity":5,"s:25:6:25:Infinity":6,"s:28:19:28:Infinity":7,"s:29:17:29:67":8,"s:31:16:37:6":9,"b:39:4:40:Infinity:undefined:undefined:undefined:undefined":2,"s:39:4:40:Infinity":10,"s:40:6:40:Infinity":11,"s:43:23:75:6":12,"s:77:4:119:Infinity":13,"b:84:8:84:61:84:65:84:Infinity":3,"b:85:15:85:35:85:35:85:Infinity":4,"b:86:23:86:51:86:51:86:Infinity":5,"b:96:12:105:Infinity:106:12:106:Infinity":6,"b:103:24:103:53:103:53:103:Infinity":7,"b:104:21:104:47:104:47:104:Infinity":8,"b:108:12:116:Infinity:117:12:117:Infinity":9,"b:121:4:125:Infinity:undefined:undefined:undefined:undefined":10,"s:121:4:125:Infinity":14,"s:122:6:125:Infinity":15,"b:123:17:123:45:123:45:123:78":11,"s:128:4:128:Infinity":16,"s:129:4:132:Infinity":17}}}
,"/Users/varunsah/Code/Recuring application/packages/web-app/app/api/mobile/v1/jobs/[id]/proofs/route.ts": {"path":"/Users/varunsah/Code/Recuring application/packages/web-app/app/api/mobile/v1/jobs/[id]/proofs/route.ts","statementMap":{"0":{"start":{"line":16,"column":23},"end":{"line":16,"column":null}},"1":{"start":{"line":17,"column":23},"end":{"line":17,"column":null}},"2":{"start":{"line":19,"column":26},"end":{"line":24,"column":42}},"3":{"start":{"line":24,"column":31},"end":{"line":24,"column":41}},"4":{"start":{"line":26,"column":26},"end":{"line":41,"column":2}},"5":{"start":{"line":47,"column":2},"end":{"line":54,"column":null}},"6":{"start":{"line":61,"column":2},"end":{"line":88,"column":null}},"7":{"start":{"line":62,"column":20},"end":{"line":62,"column":51}},"8":{"start":{"line":64,"column":4},"end":{"line":65,"column":null}},"9":{"start":{"line":65,"column":6},"end":{"line":65,"column":null}},"10":{"start":{"line":68,"column":16},"end":{"line":68,"column":76}},"11":{"start":{"line":70,"column":4},"end":{"line":71,"column":null}},"12":{"start":{"line":71,"column":6},"end":{"line":71,"column":null}},"13":{"start":{"line":74,"column":19},"end":{"line":74,"column":66}},"14":{"start":{"line":75,"column":4},"end":{"line":75,"column":null}},"15":{"start":{"line":77,"column":4},"end":{"line":81,"column":null}},"16":{"start":{"line":78,"column":6},"end":{"line":81,"column":null}},"17":{"start":{"line":84,"column":4},"end":{"line":84,"column":null}},"18":{"start":{"line":85,"column":4},"end":{"line":88,"column":null}},"19":{"start":{"line":96,"column":2},"end":{"line":155,"column":null}},"20":{"start":{"line":97,"column":20},"end":{"line":97,"column":51}},"21":{"start":{"line":99,"column":4},"end":{"line":100,"column":null}},"22":{"start":{"line":100,"column":6},"end":{"line":100,"column":null}},"23":{"start":{"line":103,"column":4},"end":{"line":104,"column":null}},"24":{"start":{"line":104,"column":6},"end":{"line":104,"column":null}},"25":{"start":{"line":107,"column":16},"end":{"line":107,"column":76}},"26":{"start":{"line":109,"column":4},"end":{"line":110,"column":null}},"27":{"start":{"line":110,"column":6},"end":{"line":110,"column":null}},"28":{"start":{"line":113,"column":17},"end":{"line":113,"column":64}},"29":{"start":{"line":115,"column":18},"end":{"line":129,"column":6}},"30":{"start":{"line":131,"column":4},"end":{"line":131,"column":null}},"31":{"start":{"line":133,"column":4},"end":{"line":137,"column":null}},"32":{"start":{"line":134,"column":6},"end":{"line":137,"column":null}},"33":{"start":{"line":140,"column":4},"end":{"line":144,"column":null}},"34":{"start":{"line":141,"column":6},"end":{"line":144,"column":null}},"35":{"start":{"line":147,"column":4},"end":{"line":148,"column":null}},"36":{"start":{"line":148,"column":6},"end":{"line":148,"column":null}},"37":{"start":{"line":151,"column":4},"end":{"line":151,"column":null}},"38":{"start":{"line":152,"column":4},"end":{"line":155,"column":null}}},"fnMap":{"0":{"name":"(anonymous_0)","decl":{"start":{"line":24,"column":15},"end":{"line":24,"column":31}},"loc":{"start":{"line":24,"column":31},"end":{"line":24,"column":41}},"line":24},"1":{"name":"assertMobileJobAccess","decl":{"start":{"line":43,"column":15},"end":{"line":43,"column":null}},"loc":{"start":{"line":46,"column":2},"end":{"line":54,"column":null}},"line":46},"2":{"name":"GET","decl":{"start":{"line":57,"column":22},"end":{"line":57,"column":null}},"loc":{"start":{"line":60,"column":2},"end":{"line":88,"column":null}},"line":60},"3":{"name":"POST","decl":{"start":{"line":92,"column":22},"end":{"line":92,"column":null}},"loc":{"start":{"line":95,"column":2},"end":{"line":155,"column":null}},"line":95}},"branchMap":{"0":{"loc":{"start":{"line":64,"column":4},"end":{"line":65,"column":null}},"type":"if","locations":[{"start":{"line":64,"column":4},"end":{"line":65,"column":null}},{"start":{},"end":{}}],"line":64},"1":{"loc":{"start":{"line":70,"column":4},"end":{"line":71,"column":null}},"type":"if","locations":[{"start":{"line":70,"column":4},"end":{"line":71,"column":null}},{"start":{},"end":{}}],"line":70},"2":{"loc":{"start":{"line":77,"column":4},"end":{"line":81,"column":null}},"type":"if","locations":[{"start":{"line":77,"column":4},"end":{"line":81,"column":null}},{"start":{},"end":{}}],"line":77},"3":{"loc":{"start":{"line":99,"column":4},"end":{"line":100,"column":null}},"type":"if","locations":[{"start":{"line":99,"column":4},"end":{"line":100,"column":null}},{"start":{},"end":{}}],"line":99},"4":{"loc":{"start":{"line":103,"column":4},"end":{"line":104,"column":null}},"type":"if","locations":[{"start":{"line":103,"column":4},"end":{"line":104,"column":null}},{"start":{},"end":{}}],"line":103},"5":{"loc":{"start":{"line":109,"column":4},"end":{"line":110,"column":null}},"type":"if","locations":[{"start":{"line":109,"column":4},"end":{"line":110,"column":null}},{"start":{},"end":{}}],"line":109},"6":{"loc":{"start":{"line":133,"column":4},"end":{"line":137,"column":null}},"type":"if","locations":[{"start":{"line":133,"column":4},"end":{"line":137,"column":null}},{"start":{},"end":{}}],"line":133},"7":{"loc":{"start":{"line":140,"column":4},"end":{"line":144,"column":null}},"type":"if","locations":[{"start":{"line":140,"column":4},"end":{"line":144,"column":null}},{"start":{},"end":{}}],"line":140},"8":{"loc":{"start":{"line":142,"column":17},"end":{"line":142,"column":78}},"type":"binary-expr","locations":[{"start":{"line":142,"column":17},"end":{"line":142,"column":45}},{"start":{"line":142,"column":45},"end":{"line":142,"column":78}}],"line":142},"9":{"loc":{"start":{"line":147,"column":4},"end":{"line":148,"column":null}},"type":"if","locations":[{"start":{"line":147,"column":4},"end":{"line":148,"column":null}},{"start":{},"end":{}}],"line":147},"10":{"loc":{"start":{"line":147,"column":8},"end":{"line":147,"column":71}},"type":"binary-expr","locations":[{"start":{"line":147,"column":8},"end":{"line":147,"column":34}},{"start":{"line":147,"column":34},"end":{"line":147,"column":71}}],"line":147}},"s":{"0":0,"1":0,"2":0,"3":0,"4":0,"5":0,"6":0,"7":0,"8":0,"9":0,"10":0,"11":0,"12":0,"13":0,"14":0,"15":0,"16":0,"17":0,"18":0,"19":0,"20":0,"21":0,"22":0,"23":0,"24":0,"25":0,"26":0,"27":0,"28":0,"29":0,"30":0,"31":0,"32":0,"33":0,"34":0,"35":0,"36":0,"37":0,"38":0},"f":{"0":0,"1":0,"2":0,"3":0},"b":{"0":[0,0],"1":[0,0],"2":[0,0],"3":[0,0],"4":[0,0],"5":[0,0],"6":[0,0],"7":[0,0],"8":[0,0],"9":[0,0],"10":[0,0]},"meta":{"lastBranch":11,"lastFunction":4,"lastStatement":39,"seen":{"s:16:23:16:Infinity":0,"s:17:23:17:Infinity":1,"s:19:26:24:42":2,"f:24:15:24:31":0,"s:24:31:24:41":3,"s:26:26:41:2":4,"f:43:15:43:Infinity":1,"s:47:2:54:Infinity":5,"f:57:22:57:Infinity":2,"s:61:2:88:Infinity":6,"s:62:20:62:51":7,"b:64:4:65:Infinity:undefined:undefined:undefined:undefined":0,"s:64:4:65:Infinity":8,"s:65:6:65:Infinity":9,"s:68:16:68:76":10,"b:70:4:71:Infinity:undefined:undefined:undefined:undefined":1,"s:70:4:71:Infinity":11,"s:71:6:71:Infinity":12,"s:74:19:74:66":13,"s:75:4:75:Infinity":14,"b:77:4:81:Infinity:undefined:undefined:undefined:undefined":2,"s:77:4:81:Infinity":15,"s:78:6:81:Infinity":16,"s:84:4:84:Infinity":17,"s:85:4:88:Infinity":18,"f:92:22:92:Infinity":3,"s:96:2:155:Infinity":19,"s:97:20:97:51":20,"b:99:4:100:Infinity:undefined:undefined:undefined:undefined":3,"s:99:4:100:Infinity":21,"s:100:6:100:Infinity":22,"b:103:4:104:Infinity:undefined:undefined:undefined:undefined":4,"s:103:4:104:Infinity":23,"s:104:6:104:Infinity":24,"s:107:16:107:76":25,"b:109:4:110:Infinity:undefined:undefined:undefined:undefined":5,"s:109:4:110:Infinity":26,"s:110:6:110:Infinity":27,"s:113:17:113:64":28,"s:115:18:129:6":29,"s:131:4:131:Infinity":30,"b:133:4:137:Infinity:undefined:undefined:undefined:undefined":6,"s:133:4:137:Infinity":31,"s:134:6:137:Infinity":32,"b:140:4:144:Infinity:undefined:undefined:undefined:undefined":7,"s:140:4:144:Infinity":33,"s:141:6:144:Infinity":34,"b:142:17:142:45:142:45:142:78":8,"b:147:4:148:Infinity:undefined:undefined:undefined:undefined":9,"s:147:4:148:Infinity":35,"b:147:8:147:34:147:34:147:71":10,"s:148:6:148:Infinity":36,"s:151:4:151:Infinity":37,"s:152:4:155:Infinity":38}}}
,"/Users/varunsah/Code/Recuring application/packages/web-app/app/api/mobile/v1/jobs/[id]/proofs/[proofId]/route.ts": {"path":"/Users/varunsah/Code/Recuring application/packages/web-app/app/api/mobile/v1/jobs/[id]/proofs/[proofId]/route.ts","statementMap":{"0":{"start":{"line":6,"column":23},"end":{"line":6,"column":null}},"1":{"start":{"line":7,"column":23},"end":{"line":7,"column":null}},"2":{"start":{"line":13,"column":2},"end":{"line":55,"column":null}},"3":{"start":{"line":14,"column":20},"end":{"line":14,"column":51}},"4":{"start":{"line":16,"column":4},"end":{"line":17,"column":null}},"5":{"start":{"line":17,"column":6},"end":{"line":17,"column":null}},"6":{"start":{"line":20,"column":4},"end":{"line":21,"column":null}},"7":{"start":{"line":21,"column":6},"end":{"line":21,"column":null}},"8":{"start":{"line":24,"column":16},"end":{"line":33,"column":6}},"9":{"start":{"line":35,"column":4},"end":{"line":36,"column":null}},"10":{"start":{"line":36,"column":6},"end":{"line":36,"column":null}},"11":{"start":{"line":39,"column":20},"end":{"line":42,"column":null}},"12":{"start":{"line":45,"column":4},"end":{"line":46,"column":null}},"13":{"start":{"line":46,"column":6},"end":{"line":46,"column":null}},"14":{"start":{"line":49,"column":4},"end":{"line":49,"column":null}},"15":{"start":{"line":51,"column":4},"end":{"line":51,"column":null}},"16":{"start":{"line":52,"column":4},"end":{"line":55,"column":null}}},"fnMap":{"0":{"name":"DELETE","decl":{"start":{"line":9,"column":22},"end":{"line":9,"column":null}},"loc":{"start":{"line":12,"column":2},"end":{"line":55,"column":null}},"line":12}},"branchMap":{"0":{"loc":{"start":{"line":16,"column":4},"end":{"line":17,"column":null}},"type":"if","locations":[{"start":{"line":16,"column":4},"end":{"line":17,"column":null}},{"start":{},"end":{}}],"line":16},"1":{"loc":{"start":{"line":20,"column":4},"end":{"line":21,"column":null}},"type":"if","locations":[{"start":{"line":20,"column":4},"end":{"line":21,"column":null}},{"start":{},"end":{}}],"line":20},"2":{"loc":{"start":{"line":35,"column":4},"end":{"line":36,"column":null}},"type":"if","locations":[{"start":{"line":35,"column":4},"end":{"line":36,"column":null}},{"start":{},"end":{}}],"line":35},"3":{"loc":{"start":{"line":45,"column":4},"end":{"line":46,"column":null}},"type":"if","locations":[{"start":{"line":45,"column":4},"end":{"line":46,"column":null}},{"start":{},"end":{}}],"line":45}},"s":{"0":0,"1":0,"2":0,"3":0,"4":0,"5":0,"6":0,"7":0,"8":0,"9":0,"10":0,"11":0,"12":0,"13":0,"14":0,"15":0,"16":0},"f":{"0":0},"b":{"0":[0,0],"1":[0,0],"2":[0,0],"3":[0,0]},"meta":{"lastBranch":4,"lastFunction":1,"lastStatement":17,"seen":{"s:6:23:6:Infinity":0,"s:7:23:7:Infinity":1,"f:9:22:9:Infinity":0,"s:13:2:55:Infinity":2,"s:14:20:14:51":3,"b:16:4:17:Infinity:undefined:undefined:undefined:undefined":0,"s:16:4:17:Infinity":4,"s:17:6:17:Infinity":5,"b:20:4:21:Infinity:undefined:undefined:undefined:undefined":1,"s:20:4:21:Infinity":6,"s:21:6:21:Infinity":7,"s:24:16:33:6":8,"b:35:4:36:Infinity:undefined:undefined:undefined:undefined":2,"s:35:4:36:Infinity":9,"s:36:6:36:Infinity":10,"s:39:20:42:Infinity":11,"b:45:4:46:Infinity:undefined:undefined:undefined:undefined":3,"s:45:4:46:Infinity":12,"s:46:6:46:Infinity":13,"s:49:4:49:Infinity":14,"s:51:4:51:Infinity":15,"s:52:4:55:Infinity":16}}}
,"/Users/varunsah/Code/Recuring application/packages/web-app/app/api/mobile/v1/jobs/[id]/reschedule/route.ts": {"path":"/Users/varunsah/Code/Recuring application/packages/web-app/app/api/mobile/v1/jobs/[id]/reschedule/route.ts","statementMap":{"0":{"start":{"line":11,"column":23},"end":{"line":11,"column":null}},"1":{"start":{"line":17,"column":2},"end":{"line":94,"column":null}},"2":{"start":{"line":18,"column":20},"end":{"line":18,"column":51}},"3":{"start":{"line":20,"column":4},"end":{"line":21,"column":null}},"4":{"start":{"line":21,"column":6},"end":{"line":21,"column":null}},"5":{"start":{"line":24,"column":4},"end":{"line":25,"column":null}},"6":{"start":{"line":25,"column":6},"end":{"line":25,"column":null}},"7":{"start":{"line":28,"column":19},"end":{"line":28,"column":null}},"8":{"start":{"line":29,"column":17},"end":{"line":29,"column":66}},"9":{"start":{"line":30,"column":10},"end":{"line":30,"column":64}},"10":{"start":{"line":32,"column":4},"end":{"line":36,"column":null}},"11":{"start":{"line":33,"column":6},"end":{"line":36,"column":null}},"12":{"start":{"line":39,"column":16},"end":{"line":45,"column":6}},"13":{"start":{"line":47,"column":4},"end":{"line":48,"column":null}},"14":{"start":{"line":48,"column":6},"end":{"line":48,"column":null}},"15":{"start":{"line":51,"column":4},"end":{"line":55,"column":null}},"16":{"start":{"line":52,"column":6},"end":{"line":55,"column":null}},"17":{"start":{"line":58,"column":10},"end":{"line":58,"column":null}},"18":{"start":{"line":60,"column":4},"end":{"line":68,"column":null}},"19":{"start":{"line":70,"column":23},"end":{"line":73,"column":6}},"20":{"start":{"line":75,"column":4},"end":{"line":76,"column":null}},"21":{"start":{"line":76,"column":6},"end":{"line":76,"column":null}},"22":{"start":{"line":79,"column":4},"end":{"line":81,"column":null}},"23":{"start":{"line":83,"column":4},"end":{"line":87,"column":null}},"24":{"start":{"line":84,"column":6},"end":{"line":87,"column":null}},"25":{"start":{"line":90,"column":4},"end":{"line":90,"column":null}},"26":{"start":{"line":91,"column":4},"end":{"line":94,"column":null}}},"fnMap":{"0":{"name":"POST","decl":{"start":{"line":13,"column":22},"end":{"line":13,"column":null}},"loc":{"start":{"line":16,"column":2},"end":{"line":94,"column":null}},"line":16}},"branchMap":{"0":{"loc":{"start":{"line":20,"column":4},"end":{"line":21,"column":null}},"type":"if","locations":[{"start":{"line":20,"column":4},"end":{"line":21,"column":null}},{"start":{},"end":{}}],"line":20},"1":{"loc":{"start":{"line":24,"column":4},"end":{"line":25,"column":null}},"type":"if","locations":[{"start":{"line":24,"column":4},"end":{"line":25,"column":null}},{"start":{},"end":{}}],"line":24},"2":{"loc":{"start":{"line":32,"column":4},"end":{"line":36,"column":null}},"type":"if","locations":[{"start":{"line":32,"column":4},"end":{"line":36,"column":null}},{"start":{},"end":{}}],"line":32},"3":{"loc":{"start":{"line":47,"column":4},"end":{"line":48,"column":null}},"type":"if","locations":[{"start":{"line":47,"column":4},"end":{"line":48,"column":null}},{"start":{},"end":{}}],"line":47},"4":{"loc":{"start":{"line":51,"column":4},"end":{"line":55,"column":null}},"type":"if","locations":[{"start":{"line":51,"column":4},"end":{"line":55,"column":null}},{"start":{},"end":{}}],"line":51},"5":{"loc":{"start":{"line":51,"column":8},"end":{"line":51,"column":82}},"type":"binary-expr","locations":[{"start":{"line":51,"column":8},"end":{"line":51,"column":46}},{"start":{"line":51,"column":46},"end":{"line":51,"column":82}}],"line":51},"6":{"loc":{"start":{"line":58,"column":10},"end":{"line":58,"column":null}},"type":"binary-expr","locations":[{"start":{"line":58,"column":10},"end":{"line":58,"column":54}},{"start":{"line":58,"column":58},"end":{"line":58,"column":null}}],"line":58},"7":{"loc":{"start":{"line":75,"column":4},"end":{"line":76,"column":null}},"type":"if","locations":[{"start":{"line":75,"column":4},"end":{"line":76,"column":null}},{"start":{},"end":{}}],"line":75},"8":{"loc":{"start":{"line":83,"column":4},"end":{"line":87,"column":null}},"type":"if","locations":[{"start":{"line":83,"column":4},"end":{"line":87,"column":null}},{"start":{},"end":{}}],"line":83},"9":{"loc":{"start":{"line":85,"column":17},"end":{"line":85,"column":76}},"type":"binary-expr","locations":[{"start":{"line":85,"column":17},"end":{"line":85,"column":45}},{"start":{"line":85,"column":45},"end":{"line":85,"column":76}}],"line":85}},"s":{"0":0,"1":0,"2":0,"3":0,"4":0,"5":0,"6":0,"7":0,"8":0,"9":0,"10":0,"11":0,"12":0,"13":0,"14":0,"15":0,"16":0,"17":0,"18":0,"19":0,"20":0,"21":0,"22":0,"23":0,"24":0,"25":0,"26":0},"f":{"0":0},"b":{"0":[0,0],"1":[0,0],"2":[0,0],"3":[0,0],"4":[0,0],"5":[0,0],"6":[0,0],"7":[0,0],"8":[0,0],"9":[0,0]},"meta":{"lastBranch":10,"lastFunction":1,"lastStatement":27,"seen":{"s:11:23:11:Infinity":0,"f:13:22:13:Infinity":0,"s:17:2:94:Infinity":1,"s:18:20:18:51":2,"b:20:4:21:Infinity:undefined:undefined:undefined:undefined":0,"s:20:4:21:Infinity":3,"s:21:6:21:Infinity":4,"b:24:4:25:Infinity:undefined:undefined:undefined:undefined":1,"s:24:4:25:Infinity":5,"s:25:6:25:Infinity":6,"s:28:19:28:Infinity":7,"s:29:17:29:66":8,"s:30:10:30:64":9,"b:32:4:36:Infinity:undefined:undefined:undefined:undefined":2,"s:32:4:36:Infinity":10,"s:33:6:36:Infinity":11,"s:39:16:45:6":12,"b:47:4:48:Infinity:undefined:undefined:undefined:undefined":3,"s:47:4:48:Infinity":13,"s:48:6:48:Infinity":14,"b:51:4:55:Infinity:undefined:undefined:undefined:undefined":4,"s:51:4:55:Infinity":15,"b:51:8:51:46:51:46:51:82":5,"s:52:6:55:Infinity":16,"s:58:10:58:Infinity":17,"b:58:10:58:54:58:58:58:Infinity":6,"s:60:4:68:Infinity":18,"s:70:23:73:6":19,"b:75:4:76:Infinity:undefined:undefined:undefined:undefined":7,"s:75:4:76:Infinity":20,"s:76:6:76:Infinity":21,"s:79:4:81:Infinity":22,"b:83:4:87:Infinity:undefined:undefined:undefined:undefined":8,"s:83:4:87:Infinity":23,"s:84:6:87:Infinity":24,"b:85:17:85:45:85:45:85:76":9,"s:90:4:90:Infinity":25,"s:91:4:94:Infinity":26}}}
,"/Users/varunsah/Code/Recuring application/packages/web-app/app/api/mobile/v1/jobs/[id]/status/route.ts": {"path":"/Users/varunsah/Code/Recuring application/packages/web-app/app/api/mobile/v1/jobs/[id]/status/route.ts","statementMap":{"0":{"start":{"line":12,"column":23},"end":{"line":12,"column":null}},"1":{"start":{"line":14,"column":62},"end":{"line":21,"column":null}},"2":{"start":{"line":24,"column":2},"end":{"line":24,"column":null}},"3":{"start":{"line":27,"column":30},"end":{"line":27,"column":null}},"4":{"start":{"line":30,"column":2},"end":{"line":31,"column":null}},"5":{"start":{"line":31,"column":4},"end":{"line":31,"column":null}},"6":{"start":{"line":34,"column":18},"end":{"line":38,"column":11}},"7":{"start":{"line":36,"column":22},"end":{"line":36,"column":60}},"8":{"start":{"line":40,"column":2},"end":{"line":40,"column":null}},"9":{"start":{"line":50,"column":29},"end":{"line":50,"column":31}},"10":{"start":{"line":51,"column":8},"end":{"line":51,"column":66}},"11":{"start":{"line":53,"column":2},"end":{"line":54,"column":null}},"12":{"start":{"line":54,"column":4},"end":{"line":54,"column":null}},"13":{"start":{"line":57,"column":2},"end":{"line":58,"column":null}},"14":{"start":{"line":58,"column":4},"end":{"line":58,"column":null}},"15":{"start":{"line":61,"column":2},"end":{"line":62,"column":null}},"16":{"start":{"line":62,"column":4},"end":{"line":62,"column":null}},"17":{"start":{"line":65,"column":2},"end":{"line":65,"column":null}},"18":{"start":{"line":72,"column":8},"end":{"line":72,"column":47}},"19":{"start":{"line":74,"column":2},"end":{"line":75,"column":null}},"20":{"start":{"line":75,"column":4},"end":{"line":75,"column":null}},"21":{"start":{"line":78,"column":2},"end":{"line":79,"column":null}},"22":{"start":{"line":79,"column":4},"end":{"line":79,"column":null}},"23":{"start":{"line":82,"column":2},"end":{"line":83,"column":null}},"24":{"start":{"line":83,"column":4},"end":{"line":83,"column":null}},"25":{"start":{"line":86,"column":2},"end":{"line":86,"column":null}},"26":{"start":{"line":93,"column":2},"end":{"line":94,"column":null}},"27":{"start":{"line":94,"column":4},"end":{"line":94,"column":null}},"28":{"start":{"line":97,"column":2},"end":{"line":97,"column":null}},"29":{"start":{"line":101,"column":2},"end"
[...]
olumn":null}},"line":43},"1":{"name":"getUpstashLimiter","decl":{"start":{"line":70,"column":9},"end":{"line":70,"column":27}},"loc":{"start":{"line":70,"column":74},"end":{"line":97,"column":null}},"line":70},"2":{"name":"consumeMemoryRateLimit","decl":{"start":{"line":100,"column":9},"end":{"line":100,"column":null}},"loc":{"start":{"line":103,"column":19},"end":{"line":131,"column":null}},"line":103},"3":{"name":"rateLimit","decl":{"start":{"line":134,"column":22},"end":{"line":134,"column":null}},"loc":{"start":{"line":137,"column":28},"end":{"line":159,"column":null}},"line":137},"4":{"name":"consumeRateLimit","decl":{"start":{"line":167,"column":16},"end":{"line":167,"column":33}},"loc":{"start":{"line":171,"column":56},"end":{"line":172,"column":null}},"line":171}},"branchMap":{"0":{"loc":{"start":{"line":37,"column":2},"end":{"line":37,"column":71}},"type":"binary-expr","locations":[{"start":{"line":37,"column":2},"end":{"line":37,"column":38}},{"start":{"line":37,"column":38},"end":{"line":37,"column":71}}],"line":37},"1":{"loc":{"start":{"line":39,"column":0},"end":{"line":40,"column":null}},"type":"if","locations":[{"start":{"line":39,"column":0},"end":{"line":40,"column":null}},{"start":{},"end":{}}],"line":39},"2":{"loc":{"start":{"line":47,"column":2},"end":{"line":54,"column":null}},"type":"if","locations":[{"start":{"line":47,"column":2},"end":{"line":54,"column":null}},{"start":{},"end":{}}],"line":47},"3":{"loc":{"start":{"line":47,"column":6},"end":{"line":47,"column":22}},"type":"binary-expr","locations":[{"start":{"line":47,"column":6},"end":{"line":47,"column":14}},{"start":{"line":47,"column":14},"end":{"line":47,"column":22}}],"line":47},"4":{"loc":{"start":{"line":48,"column":4},"end":{"line":52,"column":null}},"type":"if","locations":[{"start":{"line":48,"column":4},"end":{"line":52,"column":null}},{"start":{},"end":{}}],"line":48},"5":{"loc":{"start":{"line":57,"column":2},"end":{"line":63,"column":null}},"type":"if","locations":[{"start":{"line":57,"column":2},"end":{"line":63,"column":null}},{"start":{},"end":{}}],"line":57},"6":{"loc":{"start":{"line":61,"column":4},"end":{"line":63,"column":null}},"type":"if","locations":[{"start":{"line":61,"column":4},"end":{"line":63,"column":null}},{"start":{},"end":{}}],"line":61},"7":{"loc":{"start":{"line":73,"column":2},"end":{"line":79,"column":null}},"type":"if","locations":[{"start":{"line":73,"column":2},"end":{"line":79,"column":null}},{"start":{},"end":{}}],"line":73},"8":{"loc":{"start":{"line":85,"column":2},"end":{"line":86,"column":null}},"type":"if","locations":[{"start":{"line":85,"column":2},"end":{"line":86,"column":null}},{"start":{},"end":{}}],"line":85},"9":{"loc":{"start":{"line":107,"column":2},"end":{"line":120,"column":null}},"type":"if","locations":[{"start":{"line":107,"column":2},"end":{"line":120,"column":null}},{"start":{},"end":{}}],"line":107},"10":{"loc":{"start":{"line":107,"column":6},"end":{"line":107,"column":42}},"type":"binary-expr","locations":[{"start":{"line":107,"column":6},"end":{"line":107,"column":18}},{"start":{"line":107,"column":18},"end":{"line":107,"column":42}}],"line":107},"11":{"loc":{"start":{"line":140,"column":2},"end":{"line":141,"column":null}},"type":"if","locations":[{"start":{"line":140,"column":2},"end":{"line":141,"column":null}},{"start":{},"end":{}}],"line":140}},"s":{"0":6,"1":6,"2":6,"3":15,"4":15,"5":15,"6":15,"7":5,"8":5,"9":15,"10":0,"11":0,"12":0,"13":0,"14":0,"15":0,"16":0,"17":0,"18":0,"19":0,"20":0,"21":0,"22":0,"23":0,"24":0,"25":0,"26":0,"27":18,"28":18,"29":18,"30":8,"31":8,"32":8,"33":10,"34":10,"35":10,"36":15,"37":15,"38":15,"39":0,"40":0,"41":0,"42":0,"43":0,"44":0,"45":3},"f":{"0":15,"1":0,"2":18,"3":15,"4":3},"b":{"0":[6,6],"1":[6,0],"2":[15,0],"3":[15,0],"4":[5,10],"5":[0,0],"6":[0,0],"7":[0,0],"8":[0,0],"9":[8,10],"10":[18,11],"11":[15,0]},"meta":{"lastBranch":12,"lastFunction":5,"lastStatement":46,"seen":{"s:37:2:37:71":0,"b:37:2:37:38:37:38:37:71":0,"b:39:0:40:Infinity:undefined:undefined:undefined:undefined":1,"s:39:0:40:Infinity":1,"s:40:2:40:Infinity":2,"f:43:9:43:28":0,"s:44:14:44:56":3,"s:45:16:45:60":4,"b:47:2:54:Infinity:undefined:undefined:undefined:undefined":2,"s:47:2:54:Infinity":5,"b:47:6:47:14:47:14:47:22":3,"b:48:4:52:Infinity:undefined:undefined:undefined:undefined":4,"s:48:4:52:Infinity":6,"s:49:6:49:Infinity":7,"s:50:6:52:Infinity":8,"s:54:4:54:Infinity":9,"b:57:2:63:Infinity:undefined:undefined:undefined:undefined":5,"s:57:2:63:Infinity":10,"s:58:4:58:Infinity":11,"s:59:4:59:Infinity":12,"b:61:4:63:Infinity:undefined:undefined:undefined:undefined":6,"s:61:4:63:Infinity":13,"s:62:6:62:Infinity":14,"s:63:6:63:Infinity":15,"s:67:2:67:Infinity":16,"f:70:9:70:27":1,"s:71:16:71:Infinity":17,"b:73:2:79:Infinity:undefined:undefined:undefined:undefined":7,"s:73:2:79:Infinity":18,"s:74:4:79:Infinity":19,"s:82:19:82:Infinity":20,"s:83:17:83:36":21,"b:85:2:86:Infinity:undefined:undefined:undefined:undefined":8,"s:85:2:86:Infinity":22,"s:86:4:86:Infinity":23,"s:89:18:94:4":24,"s:96:2:96:Infinity":25,"s:97:2:97:Infinity":26,"f:100:9:100:Infinity":2,"s:104:14:104:24":27,"s:105:18:105:38":28,"b:107:2:120:Infinity:undefined:undefined:undefined:undefined":9,"s:107:2:120:Infinity":29,"b:107:6:107:18:107:18:107:42":10,"s:108:33:111:Infinity":30,"s:113:4:113:Infinity":31,"s:115:4:120:Infinity":32,"s:123:2:123:Infinity":33,"s:124:2:124:Infinity":34,"s:126:2:131:Infinity":35,"f:134:22:134:Infinity":3,"s:138:16:138:34":36,"b:140:2:141:Infinity:undefined:undefined:undefined:undefined":11,"s:140:2:141:Infinity":37,"s:141:4:141:Infinity":38,"s:144:2:159:Infinity":39,"s:145:20:145:61":40,"s:146:19:146:43":41,"s:148:4:153:Infinity":42,"s:155:4:158:Infinity":43,"s:159:4:159:Infinity":44,"f:167:16:167:33":4,"s:172:2:172:Infinity":45}}}
,"/Users/varunsah/Code/Recuring application/packages/web-app/lib/security/rbac.ts": {"path":"/Users/varunsah/Code/Recuring application/packages/web-app/lib/security/rbac.ts","statementMap":{"0":{"start":{"line":53,"column":33},"end":{"line":60,"column":2}},"1":{"start":{"line":62,"column":32},"end":{"line":89,"column":2}},"2":{"start":{"line":91,"column":37},"end":{"line":96,"column":2}},"3":{"start":{"line":98,"column":55},"end":{"line":114,"column":null}},"4":{"start":{"line":117,"column":2},"end":{"line":118,"column":null}},"5":{"start":{"line":118,"column":4},"end":{"line":118,"column":null}},"6":{"start":{"line":121,"column":2},"end":{"line":122,"column":null}},"7":{"start":{"line":122,"column":4},"end":{"line":122,"column":null}},"8":{"start":{"line":125,"column":2},"end":{"line":126,"column":null}},"9":{"start":{"line":126,"column":4},"end":{"line":126,"column":null}},"10":{"start":{"line":129,"column":2},"end":{"line":129,"column":null}},"11":{"start":{"line":133,"column":2},"end":{"line":134,"column":null}},"12":{"start":{"line":134,"column":4},"end":{"line":134,"column":null}},"13":{"start":{"line":139,"column":2},"end":{"line":140,"column":null}},"14":{"start":{"line":140,"column":4},"end":{"line":140,"column":null}},"15":{"start":{"line":143,"column":2},"end":{"line":145,"column":null}},"16":{"start":{"line":144,"column":4},"end":{"line":144,"column":84}},"17":{"start":{"line":153,"column":2},"end":{"line":154,"column":null}},"18":{"start":{"line":154,"column":4},"end":{"line":154,"column":null}},"19":{"start":{"line":157,"column":2},"end":{"line":158,"column":null}},"20":{"start":{"line":158,"column":4},"end":{"line":158,"column":null}}},"fnMap":{"0":{"name":"hasPermission","decl":{"start":{"line":116,"column":16},"end":{"line":116,"column":30}},"loc":{"start":{"line":116,"column":70},"end":{"line":129,"column":null}},"line":116},"1":{"name":"assertPermission","decl":{"start":{"line":132,"column":16},"end":{"line":132,"column":33}},"loc":{"start":{"line":132,"column":73},"end":{"line":134,"column":null}},"line":132},"2":{"name":"canAccessPath","decl":{"start":{"line":138,"column":16},"end":{"line":138,"column":30}},"loc":{"start":{"line":138,"column":64},"end":{"line":145,"column":null}},"line":138},"3":{"name":"(anonymous_3)","decl":{"start":{"line":143,"column":34},"end":{"line":143,"column":40}},"loc":{"start":{"line":144,"column":4},"end":{"line":144,"column":84}},"line":144},"4":{"name":"ensureTechnicianOwnsRecord","decl":{"start":{"line":148,"column":16},"end":{"line":148,"column":null}},"loc":{"start":{"line":152,"column":2},"end":{"line":158,"column":null}},"line":152}},"branchMap":{"0":{"loc":{"start":{"line":117,"column":2},"end":{"line":118,"column":null}},"type":"if","locations":[{"start":{"line":117,"column":2},"end":{"line":118,"column":null}},{"start":{},"end":{}}],"line":117},"1":{"loc":{"start":{"line":121,"column":2},"end":{"line":122,"column":null}},"type":"if","locations":[{"start":{"line":121,"column":2},"end":{"line":122,"column":null}},{"start":{},"end":{}}],"line":121},"2":{"loc":{"start":{"line":125,"column":2},"end":{"line":126,"column":null}},"type":"if","locations":[{"start":{"line":125,"column":2},"end":{"line":126,"column":null}},{"start":{},"end":{}}],"line":125},"3":{"loc":{"start":{"line":133,"column":2},"end":{"line":134,"column":null}},"type":"if","locations":[{"start":{"line":133,"column":2},"end":{"line":134,"column":null}},{"start":{},"end":{}}],"line":133},"4":{"loc":{"start":{"line":139,"column":2},"end":{"line":140,"column":null}},"type":"if","locations":[{"start":{"line":139,"column":2},"end":{"line":140,"column":null}},{"start":{},"end":{}}],"line":139},"5":{"loc":{"start":{"line":144,"column":4},"end":{"line":144,"column":84}},"type":"cond-expr","locations":[{"start":{"line":144,"column":21},"end":{"line":144,"column":28}},{"start":{"line":144,"column":28},"end":{"line":144,"column":84}}],"line":144},"6":{"loc":{"start":{"line":144,"column":28},"end":{"line":144,"column":84}},"type":"binary-expr","locations":[{"start":{"line":144,"column":28},"end":{"line":144,"column":51}},{"start":{"line":144,"column":51},"end":{"line":144,"column":84}}],"line":144},"7":{"loc":{"start":{"line":153,"column":2},"end":{"line":154,"column":null}},"type":"if","locations":[{"start":{"line":153,"column":2},"end":{"line":154,"column":null}},{"start":{},"end":{}}],"line":153},"8":{"loc":{"start":{"line":157,"column":2},"end":{"line":158,"column":null}},"type":"if","locations":[{"start":{"line":157,"column":2},"end":{"line":158,"column":null}},{"start":{},"end":{}}],"line":157},"9":{"loc":{"start":{"line":157,"column":6},"end":{"line":157,"column":38}},"type":"binary-expr","locations":[{"start":{"line":157,"column":6},"end":{"line":157,"column":18}},{"start":{"line":157,"column":18},"end":{"line":157,"column":38}}],"line":157}},"s":{"0":1,"1":1,"2":1,"3":1,"4":20,"5":5,"6":15,"7":5,"8":10,"9":5,"10":5,"11":2,"12":1,"13":13,"14":2,"15":11,"16":14,"17":5,"18":2,"19":3,"20":2},"f":{"0":20,"1":2,"2":13,"3":14,"4":5},"b":{"0":[5,15],"1":[5,10],"2":[5,5],"3":[1,1],"4":[2,11],"5":[6,8],"6":[8,6],"7":[2,3],"8":[2,1],"9":[3,2]},"meta":{"lastBranch":10,"lastFunction":5,"lastStatement":21,"seen":{"s:53:33:60:2":0,"s:62:32:89:2":1,"s:91:37:96:2":2,"s:98:55:114:Infinity":3,"f:116:16:116:30":0,"b:117:2:118:Infinity:undefined:undefined:undefined:undefined":0,"s:117:2:118:Infinity":4,"s:118:4:118:Infinity":5,"b:121:2:122:Infinity:undefined:undefined:undefined:undefined":1,"s:121:2:122:Infinity":6,"s:122:4:122:Infinity":7,"b:125:2:126:Infinity:undefined:undefined:undefined:undefined":2,"s:125:2:126:Infinity":8,"s:126:4:126:Infinity":9,"s:129:2:129:Infinity":10,"f:132:16:132:33":1,"b:133:2:134:Infinity:undefined:undefined:undefined:undefined":3,"s:133:2:134:Infinity":11,"s:134:4:134:Infinity":12,"f:138:16:138:30":2,"b:139:2:140:Infinity:undefined:undefined:undefined:undefined":4,"s:139:2:140:Infinity":13,"s:140:4:140:Infinity":14,"s:143:2:145:Infinity":15,"f:143:34:143:40":3,"s:144:4:144:84":16,"b:144:21:144:28:144:28:144:84":5,"b:144:28:144:51:144:51:144:84":6,"f:148:16:148:Infinity":4,"b:153:2:154:Infinity:undefined:undefined:undefined:undefined":7,"s:153:2:154:Infinity":17,"s:154:4:154:Infinity":18,"b:157:2:158:Infinity:undefined:undefined:undefined:undefined":8,"s:157:2:158:Infinity":19,"b:157:6:157:18:157:18:157:38":9,"s:158:4:158:Infinity":20}}}
,"/Users/varunsah/Code/Recuring application/packages/web-app/lib/security/sanitize.ts": {"path":"/Users/varunsah/Code/Recuring application/packages/web-app/lib/security/sanitize.ts","statementMap":{"0":{"start":{"line":5,"column":22},"end":{"line":5,"column":null}},"1":{"start":{"line":6,"column":22},"end":{"line":6,"column":null}},"2":{"start":{"line":7,"column":18},"end":{"line":7,"column":null}},"3":{"start":{"line":8,"column":28},"end":{"line":8,"column":null}},"4":{"start":{"line":11,"column":2},"end":{"line":16,"column":null}},"5":{"start":{"line":20,"column":2},"end":{"line":21,"column":null}},"6":{"start":{"line":21,"column":4},"end":{"line":21,"column":null}},"7":{"start":{"line":24,"column":20},"end":{"line":24,"column":39}},"8":{"start":{"line":25,"column":2},"end":{"line":25,"column":null}},"9":{"start":{"line":32,"column":23},"end":{"line":32,"column":57}},"10":{"start":{"line":34,"column":8},"end":{"line":56,"column":null}},"11":{"start":{"line":35,"column":4},"end":{"line":40,"column":null}},"12":{"start":{"line":36,"column":6},"end":{"line":37,"column":null}},"13":{"start":{"line":37,"column":8},"end":{"line":37,"column":null}},"14":{"start":{"line":40,"column":6},"end":{"line":40,"column":null}},"15":{"start":{"line":43,"column":4},"end":{"line":44,"column":null}},"16":{"start":{"line":44,"column":6},"end":{"line":44,"column":null}},"17":{"start":{"line":44,"column":33},"end":{"line":44,"column":52}},"18":{"start":{"line":47,"column":4},"end":{"line":53,"column":null}},"19":{"start":{"line":48,"column":6},"end":{"line":53,"column":null}},"20":{"start":{"line":49,"column":57},"end":{"line":51,"column":null}},"21":{"start":{"line":56,"column":4},"end":{"line":56,"column":null}},"22":{"start":{"line":59,"column":2},"end":{"line":59,"column":null}},"23":{"start":{"line":69,"column":2},"end":{"line":70,"column":null}},"24":{"start":{"line":70,"column":4},"end":{"line":70,"column":null}},"25":{"start":{"line":73,"column":2},"end":{"line":74,"column":null}},"26":{"start":{"line":74,"column":4},"end":{"line":74,"column":null}}},"fnMap":{"0":{"name":"sanitizeText","decl":{"start":{"line":10,"column":16},"end":{"line":10,"column":29}},"loc":{"start":{"line":10,"column":44},"end":{"line":16,"column":null}},"line":10},"1":{"name":"sanitizeOptionalText","decl":{"start":{"line":19,"column":16},"end":{"line":19,"column":37}},"loc":{"start":{"line":19,"column":71},"end":{"line":25,"column":null}},"line":19},"2":{"name":"sanitizeInputStrings","decl":{"start":{"line":28,"column":16},"end":{"line":28,"column":null}},"loc":{"start":{"line":31,"column":5},"end":{"line":59,"column":null}},"line":31},"3":{"name":"(anonymous_3)","decl":{"start":{"line":34,"column":8},"end":{"line":34,"column":25}},"loc":{"start":{"line":34,"column":73},"end":{"line":56,"column":null}},"line":34},"4":{"name":"(anonymous_4)","decl":{"start":{"line":44,"column":19},"end":{"line":44,"column":24}},"loc":{"start":{"line":44,"column":33},"end":{"line":44,"column":52}},"line":44},"5":{"name":"(anonymous_5)","decl":{"start":{"line":49,"column":30},"end":{"line":49,"column":35}},"loc":{"start":{"line":49,"column":57},"end":{"line":51,"column":null}},"line":49},"6":{"name":"validateUploadedFile","decl":{"start":{"line":62,"column":16},"end":{"line":62,"column":null}},"loc":{"start":{"line":68,"column":2},"end":{"line":74,"column":null}},"line":68}},"branchMap":{"0":{"loc":{"start":{"line":20,"column":2},"end":{"line":21,"column":null}},"type":"if","locations":[{"start":{"line":20,"column":2},"end":{"line":21,"column":null}},{"start":{},"end":{}}],"line":20},"1":{"loc":{"start":{"line":25,"column":9},"end":{"line":25,"column":null}},"type":"cond-expr","locations":[{"start":{"line":25,"column":28},"end":{"line":25,"column":40}},{"start":{"line":25,"column":40},"end":{"line":25,"column":null}}],"line":25},"2":{"loc":{"start":{"line":30,"column":2},"end":{"line":30,"column":31}},"type":"default-arg","locations":[{"start":{"line":30,"column":29},"end":{"line":30,"column":31}}],"line":30},"3":{"loc":{"start":{"line":32,"column":31},"end":{"line":32,"column":56}},"type":"binary-expr","locations":[{"start":{"line":32,"column":31},"end":{"line":32,"column":54}},{"start":{"line":32,"column":54},"end":{"line":32,"column":56}}],"line":32},"4":{"loc":{"start":{"line":35,"column":4},"end":{"line":40,"column":null}},"type":"if","locations":[{"start":{"line":35,"column":4},"end":{"line":40,"column":null}},{"start":{},"end":{}}],"line":35},"5":{"loc":{"start":{"line":36,"column":6},"end":{"line":37,"column":null}},"type":"if","locations":[{"start":{"line":36,"column":6},"end":{"line":37,"column":null}},{"start":{},"end":{}}],"line":36},"6":{"loc":{"start":{"line":36,"column":10},"end":{"line":36,"column":50}},"type":"binary-expr","locations":[{"start":{"line":36,"column":10},"end":{"line":36,"column":23}},{"start":{"line":36,"column":23},"end":{"line":36,"column":50}}],"line":36},"7":{"loc":{"start":{"line":43,"column":4},"end":{"line":44,"column":null}},"type":"if","locations":[{"start":{"line":43,"column":4},"end":{"line":44,"column":null}},{"start":{},"end":{}}],"line":43},"8":{"loc":{"start":{"line":47,"column":4},"end":{"line":53,"column":null}},"type":"if","locations":[{"start":{"line":47,"column":4},"end":{"line":53,"column":null}},{"start":{},"end":{}}],"line":47},"9":{"loc":{"start":{"line":47,"column":8},"end":{"line":47,"column":72}},"type":"binary-expr","locations":[{"start":{"line":47,"column":8},"end":{"line":47,"column":17}},{"start":{"line":47,"column":17},"end":{"line":47,"column":46}},{"start":{"line":47,"column":46},"end":{"line":47,"column":72}}],"line":47},"10":{"loc":{"start":{"line":69,"column":2},"end":{"line":70,"column":null}},"type":"if","locations":[{"start":{"line":69,"column":2},"end":{"line":70,"column":null}},{"start":{},"end":{}}],"line":69},"11":{"loc":{"start":{"line":73,"column":2},"end":{"line":74,"column":null}},"type":"if","locations":[{"start":{"line":73,"column":2},"end":{"line":74,"column":null}},{"start":{},"end":{}}],"line":73}},"s":{"0":1,"1":1,"2":1,"3":1,"4":14,"5":4,"6":2,"7":2,"8":2,"9":5,"10":5,"11":16,"12":7,"13":1,"14":6,"15":9,"16":1,"17":2,"18":8,"19":5,"20":9,"21":3,"22":5,"23":3,"24":1,"25":2,"26":1},"f":{"0":14,"1":4,"2":5,"3":16,"4":2,"5":9,"6":3},"b":{"0":[2,2],"1":[1,1],"2":[5],"3":[5,4],"4":[7,9],"5":[1,6],"6":[7,5],"7":[1,8],"8":[5,3],"9":[8,8,6],"10":[1,2],"11":[1,1]},"meta":{"lastBranch":12,"lastFunction":7,"lastStatement":27,"seen":{"s:5:22:5:Infinity":0,"s:6:22:6:Infinity":1,"s:7:18:7:Infinity":2,"s:8:28:8:Infinity":3,"f:10:16:10:29":0,"s:11:2:16:Infinity":4,"f:19:16:19:37":1,"b:20:2:21:Infinity:undefined:undefined:undefined:undefined":0,"s:20:2:21:Infinity":5,"s:21:4:21:Infinity":6,"s:24:20:24:39":7,"s:25:2:25:Infinity":8,"b:25:28:25:40:25:40:25:Infinity":1,"f:28:16:28:Infinity":2,"b:30:29:30:31":2,"s:32:23:32:57":9,"b:32:31:32:54:32:54:32:56":3,"s:34:8:56:Infinity":10,"f:34:8:34:25":3,"b:35:4:40:Infinity:undefined:undefined:undefined:undefined":4,"s:35:4:40:Infinity":11,"b:36:6:37:Infinity:undefined:undefined:undefined:undefined":5,"s:36:6:37:Infinity":12,"b:36:10:36:23:36:23:36:50":6,"s:37:8:37:Infinity":13,"s:40:6:40:Infinity":14,"b:43:4:44:Infinity:undefined:undefined:undefined:undefined":7,"s:43:4:44:Infinity":15,"s:44:6:44:Infinity":16,"f:44:19:44:24":4,"s:44:33:44:52":17,"b:47:4:53:Infinity:undefined:undefined:undefined:undefined":8,"s:47:4:53:Infinity":18,"b:47:8:47:17:47:17:47:46:47:46:47:72":9,"s:48:6:53:Infinity":19,"f:49:30:49:35":5,"s:49:57:51:Infinity":20,"s:56:4:56:Infinity":21,"s:59:2:59:Infinity":22,"f:62:16:62:Infinity":6,"b:69:2:70:Infinity:undefined:undefined:undefined:undefined":10,"s:69:2:70:Infinity":23,"s:70:4:70:Infinity":24,"b:73:2:74:Infinity:undefined:undefined:undefined:undefined":11,"s:73:2:74:Infinity":25,"s:74:4:74:Infinity":26}}}
}
